<?xml version="1.0" encoding="UTF-8"?>
<testsuite xmlns:xsi="http://www.w3.org/2001/XMLSchema-instance" xsi:noNamespaceSchemaLocation="https://maven.apache.org/surefire/maven-surefire-plugin/xsd/surefire-test-report-3.0.xsd" version="3.0" name="org.acme.GreetingResourceTest" time="11.471" tests="3" errors="0" skipped="0" failures="2">
  <properties>
    <property name="java.specification.version" value="17"/>
    <property name="sun.cpu.isalist" value="amd64"/>
    <property name="sun.jnu.encoding" value="Cp1250"/>
    <property name="test.url" value="http://localhost:8081"/>
    <property name="java.class.path" value="C:\Users\tomim\OneDrive\Namizje\quarkusapi\quarkusapi\target\test-classes;C:\Users\tomim\OneDrive\Namizje\quarkusapi\quarkusapi\target\classes;C:\Users\tomim\.m2\repository\io\quarkus\quarkus-mongodb-panache\2.16.6.Final\quarkus-mongodb-panache-2.16.6.Final.jar;C:\Users\tomim\.m2\repository\io\quarkus\quarkus-core\2.16.6.Final\quarkus-core-2.16.6.Final.jar;C:\Users\tomim\.m2\repository\jakarta\annotation\jakarta.annotation-api\1.3.5\jakarta.annotation-api-1.3.5.jar;C:\Users\tomim\.m2\repository\jakarta\enterprise\jakarta.enterprise.cdi-api\2.0.2\jakarta.enterprise.cdi-api-2.0.2.jar;C:\Users\tomim\.m2\repository\jakarta\el\jakarta.el-api\3.0.3\jakarta.el-api-3.0.3.jar;C:\Users\tomim\.m2\repository\jakarta\interceptor\jakarta.interceptor-api\1.2.5\jakarta.interceptor-api-1.2.5.jar;C:\Users\tomim\.m2\repository\jakarta\inject\jakarta.inject-api\1.0\jakarta.inject-api-1.0.jar;C:\Users\tomim\.m2\repository\io\quarkus\quarkus-ide-launcher\2.16.6.Final\quarkus-ide-launcher-2.16.6.Final.jar;C:\Users\tomim\.m2\repository\io\quarkus\quarkus-development-mode-spi\2.16.6.Final\quarkus-development-mode-spi-2.16.6.Final.jar;C:\Users\tomim\.m2\repository\io\smallrye\config\smallrye-config\2.13.3\smallrye-config-2.13.3.jar;C:\Users\tomim\.m2\repository\io\smallrye\config\smallrye-config-core\2.13.3\smallrye-config-core-2.13.3.jar;C:\Users\tomim\.m2\repository\io\smallrye\common\smallrye-common-expression\1.13.2\smallrye-common-expression-1.13.2.jar;C:\Users\tomim\.m2\repository\io\smallrye\common\smallrye-common-function\1.13.2\smallrye-common-function-1.13.2.jar;C:\Users\tomim\.m2\repository\io\smallrye\common\smallrye-common-classloader\1.13.2\smallrye-common-classloader-1.13.2.jar;C:\Users\tomim\.m2\repository\io\smallrye\config\smallrye-config-common\2.13.3\smallrye-config-common-2.13.3.jar;C:\Users\tomim\.m2\repository\org\jboss\logging\jboss-logging\3.5.0.Final\jboss-logging-3.5.0.Final.jar;C:\Users\tomim\.m2\repository\org\jboss\logmanager\jboss-logmanager-embedded\1.0.11\jboss-logmanager-embedded-1.0.11.jar;C:\Users\tomim\.m2\repository\org\jboss\logging\jboss-logging-annotations\2.2.1.Final\jboss-logging-annotations-2.2.1.Final.jar;C:\Users\tomim\.m2\repository\org\jboss\threads\jboss-threads\3.4.3.Final\jboss-threads-3.4.3.Final.jar;C:\Users\tomim\.m2\repository\org\slf4j\slf4j-api\1.7.36\slf4j-api-1.7.36.jar;C:\Users\tomim\.m2\repository\org\jboss\slf4j\slf4j-jboss-logmanager\1.2.0.Final\slf4j-jboss-logmanager-1.2.0.Final.jar;C:\Users\tomim\.m2\repository\org\graalvm\sdk\graal-sdk\22.3.0\graal-sdk-22.3.0.jar;C:\Users\tomim\.m2\repository\org\wildfly\common\wildfly-common\1.5.4.Final-format-001\wildfly-common-1.5.4.Final-format-001.jar;C:\Users\tomim\.m2\repository\io\quarkus\quarkus-bootstrap-runner\2.16.6.Final\quarkus-bootstrap-runner-2.16.6.Final.jar;C:\Users\tomim\.m2\repository\io\quarkus\quarkus-fs-util\0.0.9\quarkus-fs-util-0.0.9.jar;C:\Users\tomim\.m2\repository\io\quarkus\quarkus-panache-common\2.16.6.Final\quarkus-panache-common-2.16.6.Final.jar;C:\Users\tomim\.m2\repository\io\quarkus\quarkus-mongodb-panache-common\2.16.6.Final\quarkus-mongodb-panache-common-2.16.6.Final.jar;C:\Users\tomim\.m2\repository\io\quarkus\quarkus-mongodb-client\2.16.6.Final\quarkus-mongodb-client-2.16.6.Final.jar;C:\Users\tomim\.m2\repository\io\quarkus\quarkus-mutiny-reactive-streams-operators\2.16.6.Final\quarkus-mutiny-reactive-streams-operators-2.16.6.Final.jar;C:\Users\tomim\.m2\repository\org\eclipse\microprofile\reactive-streams-operators\microprofile-reactive-streams-operators-api\1.0.1\microprofile-reactive-streams-operators-api-1.0.1.jar;C:\Users\tomim\.m2\repository\org\eclipse\microprofile\reactive-streams-operators\microprofile-reactive-streams-operators-core\1.0.1\microprofile-reactive-streams-operators-core-1.0.1.jar;C:\Users\tomim\.m2\repository\io\smallrye\reactive\mutiny-reactive-streams-operators\1.9.0\mutiny-reactive-streams-operators-1.9.0.jar;C:\Users\tomim\.m2\repository\org\mongodb\mongodb-driver-sync\4.8.2\mongodb-driver-sync-4.8.2.jar;C:\Users\tomim\.m2\repository\org\mongodb\bson\4.8.2\bson-4.8.2.jar;C:\Users\tomim\.m2\repository\org\mongodb\mongodb-driver-core\4.8.2\mongodb-driver-core-4.8.2.jar;C:\Users\tomim\.m2\repository\org\mongodb\bson-record-codec\4.8.2\bson-record-codec-4.8.2.jar;C:\Users\tomim\.m2\repository\org\mongodb\mongodb-driver-reactivestreams\4.8.2\mongodb-driver-reactivestreams-4.8.2.jar;C:\Users\tomim\.m2\repository\io\projectreactor\reactor-core\3.5.0\reactor-core-3.5.0.jar;C:\Users\tomim\.m2\repository\org\mongodb\mongodb-crypt\1.6.1\mongodb-crypt-1.6.1.jar;C:\Users\tomim\.m2\repository\net\java\dev\jna\jna\5.8.0\jna-5.8.0.jar;C:\Users\tomim\.m2\repository\io\quarkus\quarkus-panacheql\2.16.6.Final\quarkus-panacheql-2.16.6.Final.jar;C:\Users\tomim\.m2\repository\org\antlr\antlr4-runtime\4.10.1\antlr4-runtime-4.10.1.jar;C:\Users\tomim\.m2\repository\io\quarkus\quarkus-narayana-jta\2.16.6.Final\quarkus-narayana-jta-2.16.6.Final.jar;C:\Users\tomim\.m2\repository\io\quarkus\quarkus-transaction-annotations\2.16.6.Final\quarkus-transaction-annotations-2.16.6.Final.jar;C:\Users\tomim\.m2\repository\io\smallrye\smallrye-context-propagation-jta\1.2.2\smallrye-context-propagation-jta-1.2.2.jar;C:\Users\tomim\.m2\repository\io\smallrye\reactive\smallrye-reactive-converter-api\2.7.0\smallrye-reactive-converter-api-2.7.0.jar;C:\Users\tomim\.m2\repository\io\smallrye\reactive\smallrye-reactive-converter-mutiny\2.7.0\smallrye-reactive-converter-mutiny-2.7.0.jar;C:\Users\tomim\.m2\repository\org\jboss\narayana\jta\narayana-jta\5.13.1.Final\narayana-jta-5.13.1.Final.jar;C:\Users\tomim\.m2\repository\org\jboss\jboss-transaction-spi\7.6.0.Final\jboss-transaction-spi-7.6.0.Final.jar;C:\Users\tomim\.m2\repository\org\jboss\spec\javax\resource\jboss-connector-api_1.7_spec\1.0.0.Final\jboss-connector-api_1.7_spec-1.0.0.Final.jar;C:\Users\tomim\.m2\repository\org\jboss\narayana\jts\narayana-jts-integration\5.13.1.Final\narayana-jts-integration-5.13.1.Final.jar;C:\Users\tomim\.m2\repository\io\quarkus\quarkus-resteasy-jsonb\2.16.6.Final\quarkus-resteasy-jsonb-2.16.6.Final.jar;C:\Users\tomim\.m2\repository\io\quarkus\quarkus-jsonb\2.16.6.Final\quarkus-jsonb-2.16.6.Final.jar;C:\Users\tomim\.m2\repository\org\eclipse\yasson\1.0.11\yasson-1.0.11.jar;C:\Users\tomim\.m2\repository\org\jboss\resteasy\resteasy-json-binding-provider\4.7.7.Final\resteasy-json-binding-provider-4.7.7.Final.jar;C:\Users\tomim\.m2\repository\jakarta\json\bind\jakarta.json.bind-api\1.0.2\jakarta.json.bind-api-1.0.2.jar;C:\Users\tomim\.m2\repository\org\jboss\resteasy\resteasy-json-p-provider\4.7.7.Final\resteasy-json-p-provider-4.7.7.Final.jar;C:\Users\tomim\.m2\repository\io\quarkus\quarkus-resteasy-jackson\2.16.6.Final\quarkus-resteasy-jackson-2.16.6.Final.jar;C:\Users\tomim\.m2\repository\io\quarkus\quarkus-jackson\2.16.6.Final\quarkus-jackson-2.16.6.Final.jar;C:\Users\tomim\.m2\repository\com\fasterxml\jackson\core\jackson-databind\2.14.2\jackson-databind-2.14.2.jar;C:\Users\tomim\.m2\repository\com\fasterxml\jackson\datatype\jackson-datatype-jsr310\2.14.2\jackson-datatype-jsr310-2.14.2.jar;C:\Users\tomim\.m2\repository\com\fasterxml\jackson\datatype\jackson-datatype-jdk8\2.14.2\jackson-datatype-jdk8-2.14.2.jar;C:\Users\tomim\.m2\repository\com\fasterxml\jackson\module\jackson-module-parameter-names\2.14.2\jackson-module-parameter-names-2.14.2.jar;C:\Users\tomim\.m2\repository\org\jboss\resteasy\resteasy-jackson2-provider\4.7.7.Final\resteasy-jackson2-provider-4.7.7.Final.jar;C:\Users\tomim\.m2\repository\com\fasterxml\jackson\core\jackson-core\2.14.2\jackson-core-2.14.2.jar;C:\Users\tomim\.m2\repository\com\fasterxml\jackson\core\jackson-annotations\2.14.2\jackson-annotations-2.14.2.jar;C:\Users\tomim\.m2\repository\com\fasterxml\jackson\jaxrs\jackson-jaxrs-json-provider\2.14.2\jackson-jaxrs-json-provider-2.14.2.jar;C:\Users\tomim\.m2\repository\com\fasterxml\jackson\jaxrs\jackson-jaxrs-base\2.14.2\jackson-jaxrs-base-2.14.2.jar;C:\Users\tomim\.m2\repository\com\fasterxml\jackson\module\jackson-module-jaxb-annotations\2.14.2\jackson-module-jaxb-annotations-2.14.2.jar;C:\Users\tomim\.m2\repository\com\github\java-json-tools\json-patch\1.13\json-patch-1.13.jar;C:\Users\tomim\.m2\repository\com\github\java-json-tools\msg-simple\1.2\msg-simple-1.2.jar;C:\Users\tomim\.m2\repository\com\github\java-json-tools\btf\1.3\btf-1.3.jar;C:\Users\tomim\.m2\repository\com\github\java-json-tools\jackson-coreutils\2.0\jackson-coreutils-2.0.jar;C:\Users\tomim\.m2\repository\org\jboss\spec\javax\xml\bind\jboss-jaxb-api_2.3_spec\2.0.0.Final\jboss-jaxb-api_2.3_spec-2.0.0.Final.jar;C:\Users\tomim\.m2\repository\io\quarkus\quarkus-smallrye-health\2.16.6.Final\quarkus-smallrye-health-2.16.6.Final.jar;C:\Users\tomim\.m2\repository\io\smallrye\smallrye-health\3.3.1\smallrye-health-3.3.1.jar;C:\Users\tomim\.m2\repository\org\eclipse\microprofile\health\microprofile-health-api\3.1\microprofile-health-api-3.1.jar;C:\Users\tomim\.m2\repository\io\smallrye\smallrye-health-api\3.3.1\smallrye-health-api-3.3.1.jar;C:\Users\tomim\.m2\repository\io\smallrye\common\smallrye-common-annotation\1.13.2\smallrye-common-annotation-1.13.2.jar;C:\Users\tomim\.m2\repository\io\smallrye\smallrye-health-provided-checks\3.3.1\smallrye-health-provided-checks-3.3.1.jar;C:\Users\tomim\.m2\repository\io\quarkus\quarkus-vertx-http\2.16.6.Final\quarkus-vertx-http-2.16.6.Final.jar;C:\Users\tomim\.m2\repository\io\quarkus\quarkus-security-runtime-spi\2.16.6.Final\quarkus-security-runtime-spi-2.16.6.Final.jar;C:\Users\tomim\.m2\repository\io\quarkus\quarkus-credentials\2.16.6.Final\quarkus-credentials-2.16.6.Final.jar;C:\Users\tomim\.m2\repository\io\quarkus\quarkus-mutiny\2.16.6.Final\quarkus-mutiny-2.16.6.Final.jar;C:\Users\tomim\.m2\repository\io\quarkus\quarkus-smallrye-context-propagation\2.16.6.Final\quarkus-smallrye-context-propagation-2.16.6.Final.jar;C:\Users\tomim\.m2\repository\io\smallrye\smallrye-context-propagation\1.2.2\smallrye-context-propagation-1.2.2.jar;C:\Users\tomim\.m2\repository\io\smallrye\smallrye-context-propagation-api\1.2.2\smallrye-context-propagation-api-1.2.2.jar;C:\Users\tomim\.m2\repository\io\smallrye\smallrye-context-propagation-storage\1.2.2\smallrye-context-propagation-storage-1.2.2.jar;C:\Users\tomim\.m2\repository\io\smallrye\reactive\mutiny-smallrye-context-propagation\1.9.0\mutiny-smallrye-context-propagation-1.9.0.jar;C:\Users\tomim\.m2\repository\io\smallrye\common\smallrye-common-vertx-context\1.13.2\smallrye-common-vertx-context-1.13.2.jar;C:\Users\tomim\.m2\repository\io\vertx\vertx-core\4.3.7\vertx-core-4.3.7.jar;C:\Users\tomim\.m2\repository\io\netty\netty-common\4.1.86.Final\netty-common-4.1.86.Final.jar;C:\Users\tomim\.m2\repository\io\netty\netty-buffer\4.1.86.Final\netty-buffer-4.1.86.Final.jar;C:\Users\tomim\.m2\repository\io\netty\netty-transport\4.1.86.Final\netty-transport-4.1.86.Final.jar;C:\Users\tomim\.m2\repository\io\netty\netty-handler\4.1.86.Final\netty-handler-4.1.86.Final.jar;C:\Users\tomim\.m2\repository\io\netty\netty-transport-native-unix-common\4.1.86.Final\netty-transport-native-unix-common-4.1.86.Final.jar;C:\Users\tomim\.m2\repository\io\netty\netty-handler-proxy\4.1.86.Final\netty-handler-proxy-4.1.86.Final.jar;C:\Users\tomim\.m2\repository\io\netty\netty-codec-socks\4.1.86.Final\netty-codec-socks-4.1.86.Final.jar;C:\Users\tomim\.m2\repository\io\netty\netty-codec-http\4.1.86.Final\netty-codec-http-4.1.86.Final.jar;C:\Users\tomim\.m2\repository\io\netty\netty-codec-http2\4.1.86.Final\netty-codec-http2-4.1.86.Final.jar;C:\Users\tomim\.m2\repository\io\netty\netty-resolver\4.1.86.Final\netty-resolver-4.1.86.Final.jar;C:\Users\tomim\.m2\repository\io\netty\netty-resolver-dns\4.1.86.Final\netty-resolver-dns-4.1.86.Final.jar;C:\Users\tomim\.m2\repository\io\netty\netty-codec-dns\4.1.86.Final\netty-codec-dns-4.1.86.Final.jar;C:\Users\tomim\.m2\repository\io\smallrye\common\smallrye-common-constraint\1.13.2\smallrye-common-constraint-1.13.2.jar;C:\Users\tomim\.m2\repository\io\quarkus\quarkus-vertx-http-dev-console-runtime-spi\2.16.6.Final\quarkus-vertx-http-dev-console-runtime-spi-2.16.6.Final.jar;C:\Users\tomim\.m2\repository\io\quarkus\security\quarkus-security\1.1.4.Final\quarkus-security-1.1.4.Final.jar;C:\Users\tomim\.m2\repository\io\quarkus\quarkus-vertx\2.16.6.Final\quarkus-vertx-2.16.6.Final.jar;C:\Users\tomim\.m2\repository\io\quarkus\quarkus-netty\2.16.6.Final\quarkus-netty-2.16.6.Final.jar;C:\Users\tomim\.m2\repository\io\netty\netty-codec\4.1.86.Final\netty-codec-4.1.86.Final.jar;C:\Users\tomim\.m2\repository\com\aayushatharva\brotli4j\brotli4j\1.8.0\brotli4j-1.8.0.jar;C:\Users\tomim\.m2\repository\com\aayushatharva\brotli4j\native-windows-x86_64\1.8.0\native-windows-x86_64-1.8.0.jar;C:\Users\tomim\.m2\repository\io\netty\netty-codec-haproxy\4.1.86.Final\netty-codec-haproxy-4.1.86.Final.jar;C:\Users\tomim\.m2\repository\io\quarkus\quarkus-vertx-latebound-mdc-provider\2.16.6.Final\quarkus-vertx-latebound-mdc-provider-2.16.6.Final.jar;C:\Users\tomim\.m2\repository\io\smallrye\reactive\smallrye-mutiny-vertx-core\2.30.1\smallrye-mutiny-vertx-core-2.30.1.jar;C:\Users\tomim\.m2\repository\io\smallrye\reactive\smallrye-mutiny-vertx-runtime\2.30.1\smallrye-mutiny-vertx-runtime-2.30.1.jar;C:\Users\tomim\.m2\repository\io\smallrye\reactive\vertx-mutiny-generator\2.30.1\vertx-mutiny-generator-2.30.1.jar;C:\Users\tomim\.m2\repository\io\vertx\vertx-codegen\4.3.7\vertx-codegen-4.3.7.jar;C:\Users\tomim\.m2\repository\io\smallrye\smallrye-fault-tolerance-vertx\5.6.0\smallrye-fault-tolerance-vertx-5.6.0.jar;C:\Users\tomim\.m2\repository\io\smallrye\reactive\smallrye-mutiny-vertx-web\2.30.1\smallrye-mutiny-vertx-web-2.30.1.jar;C:\Users\tomim\.m2\repository\io\smallrye\reactive\smallrye-mutiny-vertx-web-common\2.30.1\smallrye-mutiny-vertx-web-common-2.30.1.jar;C:\Users\tomim\.m2\repository\io\smallrye\reactive\smallrye-mutiny-vertx-auth-common\2.30.1\smallrye-mutiny-vertx-auth-common-2.30.1.jar;C:\Users\tomim\.m2\repository\io\smallrye\reactive\smallrye-mutiny-vertx-bridge-common\2.30.1\smallrye-mutiny-vertx-bridge-common-2.30.1.jar;C:\Users\tomim\.m2\repository\io\smallrye\reactive\smallrye-mutiny-vertx-uri-template\2.30.1\smallrye-mutiny-vertx-uri-template-2.30.1.jar;C:\Users\tomim\.m2\repository\io\vertx\vertx-uri-template\4.3.7\vertx-uri-template-4.3.7.jar;C:\Users\tomim\.m2\repository\io\vertx\vertx-web\4.3.7\vertx-web-4.3.7.jar;C:\Users\tomim\.m2\repository\io\vertx\vertx-web-common\4.3.7\vertx-web-common-4.3.7.jar;C:\Users\tomim\.m2\repository\io\vertx\vertx-auth-common\4.3.7\vertx-auth-common-4.3.7.jar;C:\Users\tomim\.m2\repository\io\vertx\vertx-bridge-common\4.3.7\vertx-bridge-common-4.3.7.jar;C:\Users\tomim\.m2\repository\io\github\crac\org-crac\0.1.3\org-crac-0.1.3.jar;C:\Users\tomim\.m2\repository\io\quarkus\quarkus-jsonp\2.16.6.Final\quarkus-jsonp-2.16.6.Final.jar;C:\Users\tomim\.m2\repository\org\glassfish\jakarta.json\1.1.6\jakarta.json-1.1.6.jar;C:\Users\tomim\.m2\repository\io\quarkus\quarkus-arc\2.16.6.Final\quarkus-arc-2.16.6.Final.jar;C:\Users\tomim\.m2\repository\io\quarkus\arc\arc\2.16.6.Final\arc-2.16.6.Final.jar;C:\Users\tomim\.m2\repository\jakarta\transaction\jakarta.transaction-api\1.3.3\jakarta.transaction-api-1.3.3.jar;C:\Users\tomim\.m2\repository\io\smallrye\reactive\mutiny\1.9.0\mutiny-1.9.0.jar;C:\Users\tomim\.m2\repository\org\reactivestreams\reactive-streams\1.0.3\reactive-streams-1.0.3.jar;C:\Users\tomim\.m2\repository\org\eclipse\microprofile\context-propagation\microprofile-context-propagation-api\1.2\microprofile-context-propagation-api-1.2.jar;C:\Users\tomim\.m2\repository\io\quarkus\quarkus-resteasy\2.16.6.Final\quarkus-resteasy-2.16.6.Final.jar;C:\Users\tomim\.m2\repository\io\quarkus\quarkus-resteasy-server-common\2.16.6.Final\quarkus-resteasy-server-common-2.16.6.Final.jar;C:\Users\tomim\.m2\repository\io\quarkus\quarkus-resteasy-common\2.16.6.Final\quarkus-resteasy-common-2.16.6.Final.jar;C:\Users\tomim\.m2\repository\org\jboss\resteasy\resteasy-core\4.7.7.Final\resteasy-core-4.7.7.Final.jar;C:\Users\tomim\.m2\repository\org\jboss\spec\javax\ws\rs\jboss-jaxrs-api_2.1_spec\2.0.1.Final\jboss-jaxrs-api_2.1_spec-2.0.1.Final.jar;C:\Users\tomim\.m2\repository\org\jboss\resteasy\resteasy-core-spi\4.7.7.Final\resteasy-core-spi-4.7.7.Final.jar;C:\Users\tomim\.m2\repository\com\ibm\async\asyncutil\0.1.0\asyncutil-0.1.0.jar;C:\Users\tomim\.m2\repository\com\sun\activation\jakarta.activation\1.2.1\jakarta.activation-1.2.1.jar;C:\Users\tomim\.m2\repository\jakarta\validation\jakarta.validation-api\2.0.2\jakarta.validation-api-2.0.2.jar;C:\Users\tomim\.m2\repository\io\quarkus\quarkus-junit5\2.16.6.Final\quarkus-junit5-2.16.6.Final.jar;C:\Users\tomim\.m2\repository\io\quarkus\quarkus-bootstrap-core\2.16.6.Final\quarkus-bootstrap-core-2.16.6.Final.jar;C:\Users\tomim\.m2\repository\io\quarkus\quarkus-bootstrap-app-model\2.16.6.Final\quarkus-bootstrap-app-model-2.16.6.Final.jar;C:\Users\tomim\.m2\repository\io\smallrye\common\smallrye-common-io\1.13.2\smallrye-common-io-1.13.2.jar;C:\Users\tomim\.m2\repository\org\eclipse\sisu\org.eclipse.sisu.inject\0.3.5\org.eclipse.sisu.inject-0.3.5.jar;C:\Users\tomim\.m2\repository\io\quarkus\quarkus-test-common\2.16.6.Final\quarkus-test-common-2.16.6.Final.jar;C:\Users\tomim\.m2\repository\io\quarkus\quarkus-core-deployment\2.16.6.Final\quarkus-core-deployment-2.16.6.Final.jar;C:\Users\tomim\.m2\repository\org\aesh\readline\2.2\readline-2.2.jar;C:\Users\tomim\.m2\repository\org\fusesource\jansi\jansi\1.18\jansi-1.18.jar;C:\Users\tomim\.m2\repository\org\aesh\aesh\2.7\aesh-2.7.jar;C:\Users\tomim\.m2\repository\io\quarkus\gizmo\gizmo\1.6.0.Final\gizmo-1.6.0.Final.jar;C:\Users\tomim\.m2\repository\org\ow2\asm\asm-util\9.4\asm-util-9.4.jar;C:\Users\tomim\.m2\repository\org\ow2\asm\asm-analysis\9.4\asm-analysis-9.4.jar;C:\Users\tomim\.m2\repository\org\ow2\asm\asm\9.4\asm-9.4.jar;C:\Users\tomim\.m2\repository\org\ow2\asm\asm-commons\9.4\asm-commons-9.4.jar;C:\Users\tomim\.m2\repository\org\ow2\asm\asm-tree\9.4\asm-tree-9.4.jar;C:\Users\tomim\.m2\repository\io\quarkus\quarkus-class-change-agent\2.16.6.Final\quarkus-class-change-agent-2.16.6.Final.jar;C:\Users\tomim\.m2\repository\io\quarkus\quarkus-devtools-utilities\2.16.6.Final\quarkus-devtools-utilities-2.16.6.Final.jar;C:\Users\tomim\.m2\repository\io\quarkus\quarkus-builder\2.16.6.Final\quarkus-builder-2.16.6.Final.jar;C:\Users\tomim\.m2\repository\org\junit\platform\junit-platform-launcher\1.9.2\junit-platform-launcher-1.9.2.jar;C:\Users\tomim\.m2\repository\io\quarkus\quarkus-bootstrap-maven-resolver\2.16.6.Final\quarkus-bootstrap-maven-resolver-2.16.6.Final.jar;C:\Users\tomim\.m2\repository\org\apache\maven\maven-embedder\3.8.6\maven-embedder-3.8.6.jar;C:\Users\tomim\.m2\repository\org\apache\maven\maven-settings\3.8.6\maven-settings-3.8.6.jar;C:\Users\tomim\.m2\repository\org\apache\maven\maven-core\3.8.6\maven-core-3.8.6.jar;C:\Users\tomim\.m2\repository\org\apache\maven\maven-artifact\3.8.6\maven-artifact-3.8.6.jar;C:\Users\tomim\.m2\repository\org\codehaus\plexus\plexus-component-annotations\2.1.0\plexus-component-annotations-2.1.0.jar;C:\Users\tomim\.m2\repository\org\apache\maven\maven-plugin-api\3.8.6\maven-plugin-api-3.8.6.jar;C:\Users\tomim\.m2\repository\org\apache\maven\maven-model\3.8.6\maven-model-3.8.6.jar;C:\Users\tomim\.m2\repository\org\apache\maven\maven-model-builder\3.8.6\maven-model-builder-3.8.6.jar;C:\Users\tomim\.m2\repository\org\apache\maven\maven-builder-support\3.8.6\maven-builder-support-3.8.6.jar;C:\Users\tomim\.m2\repository\org\apache\maven\resolver\maven-resolver-api\1.6.3\maven-resolver-api-1.6.3.jar;C:\Users\tomim\.m2\repository\org\apache\maven\resolver\maven-resolver-util\1.6.3\maven-resolver-util-1.6.3.jar;C:\Users\tomim\.m2\repository\org\apache\maven\shared\maven-shared-utils\3.3.4\maven-shared-utils-3.3.4.jar;C:\Users\tomim\.m2\repository\com\google\inject\guice\4.2.2\guice-4.2.2-no_aop.jar;C:\Users\tomim\.m2\repository\com\google\guava\guava\31.1-jre\guava-31.1-jre.jar;C:\Users\tomim\.m2\repository\com\google\guava\failureaccess\1.0.1\failureaccess-1.0.1.jar;C:\Users\tomim\.m2\repository\org\codehaus\plexus\plexus-classworlds\2.6.0\plexus-classworlds-2.6.0.jar;C:\Users\tomim\.m2\repository\org\codehaus\plexus\plexus-sec-dispatcher\2.0\plexus-sec-dispatcher-2.0.jar;C:\Users\tomim\.m2\repository\org\codehaus\plexus\plexus-cipher\2.0\plexus-cipher-2.0.jar;C:\Users\tomim\.m2\repository\commons-cli\commons-cli\1.4\commons-cli-1.4.jar;C:\Users\tomim\.m2\repository\org\eclipse\sisu\org.eclipse.sisu.plexus\0.3.5\org.eclipse.sisu.plexus-0.3.5.jar;C:\Users\tomim\.m2\repository\org\apache\maven\maven-settings-builder\3.8.6\maven-settings-builder-3.8.6.jar;C:\Users\tomim\.m2\repository\org\codehaus\plexus\plexus-interpolation\1.26\plexus-interpolation-1.26.jar;C:\Users\tomim\.m2\repository\org\apache\maven\maven-resolver-provider\3.8.6\maven-resolver-provider-3.8.6.jar;C:\Users\tomim\.m2\repository\org\apache\maven\maven-repository-metadata\3.8.6\maven-repository-metadata-3.8.6.jar;C:\Users\tomim\.m2\repository\org\apache\maven\resolver\maven-resolver-spi\1.6.3\maven-resolver-spi-1.6.3.jar;C:\Users\tomim\.m2\repository\org\apache\maven\resolver\maven-resolver-impl\1.6.3\maven-resolver-impl-1.6.3.jar;C:\Users\tomim\.m2\repository\org\codehaus\plexus\plexus-utils\3.3.0\plexus-utils-3.3.0.jar;C:\Users\tomim\.m2\repository\org\apache\maven\resolver\maven-resolver-connector-basic\1.6.3\maven-resolver-connector-basic-1.6.3.jar;C:\Users\tomim\.m2\repository\org\apache\maven\resolver\maven-resolver-transport-wagon\1.6.3\maven-resolver-transport-wagon-1.6.3.jar;C:\Users\tomim\.m2\repository\org\apache\maven\wagon\wagon-http\3.5.1\wagon-http-3.5.1.jar;C:\Users\tomim\.m2\repository\org\apache\maven\wagon\wagon-http-shared\3.5.1\wagon-http-shared-3.5.1.jar;C:\Users\tomim\.m2\repository\org\apache\maven\wagon\wagon-provider-api\3.5.1\wagon-provider-api-3.5.1.jar;C:\Users\tomim\.m2\repository\org\apache\maven\wagon\wagon-file\3.5.1\wagon-file-3.5.1.jar;C:\Users\tomim\.m2\repository\io\quarkus\quarkus-bootstrap-gradle-resolver\2.16.6.Final\quarkus-bootstrap-gradle-resolver-2.16.6.Final.jar;C:\Users\tomim\.m2\repository\io\smallrye\jandex\3.0.5\jandex-3.0.5.jar;C:\Users\tomim\.m2\repository\org\jboss\logging\commons-logging-jboss-logging\1.0.0.Final\commons-logging-jboss-logging-1.0.0.Final.jar;C:\Users\tomim\.m2\repository\io\quarkus\quarkus-junit5-properties\2.16.6.Final\quarkus-junit5-properties-2.16.6.Final.jar;C:\Users\tomim\.m2\repository\org\junit\jupiter\junit-jupiter\5.9.2\junit-jupiter-5.9.2.jar;C:\Users\tomim\.m2\repository\org\junit\jupiter\junit-jupiter-api\5.9.2\junit-jupiter-api-5.9.2.jar;C:\Users\tomim\.m2\repository\org\opentest4j\opentest4j\1.2.0\opentest4j-1.2.0.jar;C:\Users\tomim\.m2\repository\org\junit\platform\junit-platform-commons\1.9.2\junit-platform-commons-1.9.2.jar;C:\Users\tomim\.m2\repository\org\apiguardian\apiguardian-api\1.1.2\apiguardian-api-1.1.2.jar;C:\Users\tomim\.m2\repository\org\junit\jupiter\junit-jupiter-params\5.9.2\junit-jupiter-params-5.9.2.jar;C:\Users\tomim\.m2\repository\org\junit\jupiter\junit-jupiter-engine\5.9.2\junit-jupiter-engine-5.9.2.jar;C:\Users\tomim\.m2\repository\org\junit\platform\junit-platform-engine\1.9.2\junit-platform-engine-1.9.2.jar;C:\Users\tomim\.m2\repository\com\thoughtworks\xstream\xstream\1.4.20\xstream-1.4.20.jar;C:\Users\tomim\.m2\repository\io\github\x-stream\mxparser\1.2.2\mxparser-1.2.2.jar;C:\Users\tomim\.m2\repository\xmlpull\xmlpull\1.1.3.1\xmlpull-1.1.3.1.jar;C:\Users\tomim\.m2\repository\io\rest-assured\rest-assured\4.5.1\rest-assured-4.5.1.jar;C:\Users\tomim\.m2\repository\org\codehaus\groovy\groovy\3.0.9\groovy-3.0.9.jar;C:\Users\tomim\.m2\repository\org\codehaus\groovy\groovy-xml\3.0.9\groovy-xml-3.0.9.jar;C:\Users\tomim\.m2\repository\org\apache\httpcomponents\httpclient\4.5.14\httpclient-4.5.14.jar;C:\Users\tomim\.m2\repository\org\apache\httpcomponents\httpcore\4.4.16\httpcore-4.4.16.jar;C:\Users\tomim\.m2\repository\org\apache\httpcomponents\httpmime\4.5.14\httpmime-4.5.14.jar;C:\Users\tomim\.m2\repository\org\hamcrest\hamcrest\2.1\hamcrest-2.1.jar;C:\Users\tomim\.m2\repository\org\ccil\cowan\tagsoup\tagsoup\1.2.1\tagsoup-1.2.1.jar;C:\Users\tomim\.m2\repository\io\rest-assured\json-path\4.5.1\json-path-4.5.1.jar;C:\Users\tomim\.m2\repository\org\codehaus\groovy\groovy-json\3.0.9\groovy-json-3.0.9.jar;C:\Users\tomim\.m2\repository\io\rest-assured\rest-assured-common\4.5.1\rest-assured-common-4.5.1.jar;C:\Users\tomim\.m2\repository\io\rest-assured\xml-path\4.5.1\xml-path-4.5.1.jar;C:\Users\tomim\.m2\repository\org\apache\commons\commons-lang3\3.12.0\commons-lang3-3.12.0.jar;C:\Users\tomim\.m2\repository\io\quarkus\quarkus-smallrye-openapi\2.16.6.Final\quarkus-smallrye-openapi-2.16.6.Final.jar;C:\Users\tomim\.m2\repository\io\smallrye\smallrye-open-api-core\3.1.1\smallrye-open-api-core-3.1.1.jar;C:\Users\tomim\.m2\repository\org\eclipse\microprofile\openapi\microprofile-openapi-api\2.0.1\microprofile-openapi-api-2.0.1.jar;C:\Users\tomim\.m2\repository\org\eclipse\microprofile\config\microprofile-config-api\2.0.1\microprofile-config-api-2.0.1.jar;C:\Users\tomim\.m2\repository\com\fasterxml\jackson\dataformat\jackson-dataformat-yaml\2.14.2\jackson-dataformat-yaml-2.14.2.jar;C:\Users\tomim\.m2\repository\org\yaml\snakeyaml\1.33\snakeyaml-1.33.jar;C:\Users\tomim\.m2\repository\io\quarkus\quarkus-swagger-ui\2.16.6.Final\quarkus-swagger-ui-2.16.6.Final.jar;C:\Users\tomim\.m2\repository\commons-io\commons-io\2.11.0\commons-io-2.11.0.jar;C:\Users\tomim\.m2\repository\commons-codec\commons-codec\1.15\commons-codec-1.15.jar;"/>
    <property name="java.vm.vendor" value="Oracle Corporation"/>
    <property name="sun.arch.data.model" value="64"/>
    <property name="user.variant" value=""/>
    <property name="java.vendor.url" value="https://java.oracle.com/"/>
    <property name="user.timezone" value="Europe/Ljubljana"/>
    <property name="logging.initial-configurator.min-level" value="500"/>
    <property name="os.name" value="Windows 10"/>
    <property name="java.vm.specification.version" value="17"/>
    <property name="sun.java.launcher" value="SUN_STANDARD"/>
    <property name="user.country" value="GB"/>
    <property name="mp.openapi.extensions.smallrye.defaultProduces" value="application/json"/>
    <property name="sun.boot.library.path" value="C:\Program Files\Java\jdk-17\bin"/>
    <property name="sun.java.command" value="C:\Users\tomim\AppData\Local\Temp\surefire4459471550920722111\surefirebooter-20230411125554621_3.jar C:\Users\tomim\AppData\Local\Temp\surefire4459471550920722111 2023-04-11T12-55-54_172-jvmRun1 surefire-20230411125554621_1tmp surefire_0-20230411125554621_2tmp"/>
    <property name="jdk.debug" value="release"/>
    <property name="maven.home" value="C:\Users\tomim\.m2\wrapper\dists\apache-maven-3.8.8-bin\67c30f74\apache-maven-3.8.8"/>
    <property name="surefire.test.class.path" value="C:\Users\tomim\OneDrive\Namizje\quarkusapi\quarkusapi\target\test-classes;C:\Users\tomim\OneDrive\Namizje\quarkusapi\quarkusapi\target\classes;C:\Users\tomim\.m2\repository\io\quarkus\quarkus-mongodb-panache\2.16.6.Final\quarkus-mongodb-panache-2.16.6.Final.jar;C:\Users\tomim\.m2\repository\io\quarkus\quarkus-core\2.16.6.Final\quarkus-core-2.16.6.Final.jar;C:\Users\tomim\.m2\repository\jakarta\annotation\jakarta.annotation-api\1.3.5\jakarta.annotation-api-1.3.5.jar;C:\Users\tomim\.m2\repository\jakarta\enterprise\jakarta.enterprise.cdi-api\2.0.2\jakarta.enterprise.cdi-api-2.0.2.jar;C:\Users\tomim\.m2\repository\jakarta\el\jakarta.el-api\3.0.3\jakarta.el-api-3.0.3.jar;C:\Users\tomim\.m2\repository\jakarta\interceptor\jakarta.interceptor-api\1.2.5\jakarta.interceptor-api-1.2.5.jar;C:\Users\tomim\.m2\repository\jakarta\inject\jakarta.inject-api\1.0\jakarta.inject-api-1.0.jar;C:\Users\tomim\.m2\repository\io\quarkus\quarkus-ide-launcher\2.16.6.Final\quarkus-ide-launcher-2.16.6.Final.jar;C:\Users\tomim\.m2\repository\io\quarkus\quarkus-development-mode-spi\2.16.6.Final\quarkus-development-mode-spi-2.16.6.Final.jar;C:\Users\tomim\.m2\repository\io\smallrye\config\smallrye-config\2.13.3\smallrye-config-2.13.3.jar;C:\Users\tomim\.m2\repository\io\smallrye\config\smallrye-config-core\2.13.3\smallrye-config-core-2.13.3.jar;C:\Users\tomim\.m2\repository\io\smallrye\common\smallrye-common-expression\1.13.2\smallrye-common-expression-1.13.2.jar;C:\Users\tomim\.m2\repository\io\smallrye\common\smallrye-common-function\1.13.2\smallrye-common-function-1.13.2.jar;C:\Users\tomim\.m2\repository\io\smallrye\common\smallrye-common-classloader\1.13.2\smallrye-common-classloader-1.13.2.jar;C:\Users\tomim\.m2\repository\io\smallrye\config\smallrye-config-common\2.13.3\smallrye-config-common-2.13.3.jar;C:\Users\tomim\.m2\repository\org\jboss\logging\jboss-logging\3.5.0.Final\jboss-logging-3.5.0.Final.jar;C:\Users\tomim\.m2\repository\org\jboss\logmanager\jboss-logmanager-embedded\1.0.11\jboss-logmanager-embedded-1.0.11.jar;C:\Users\tomim\.m2\repository\org\jboss\logging\jboss-logging-annotations\2.2.1.Final\jboss-logging-annotations-2.2.1.Final.jar;C:\Users\tomim\.m2\repository\org\jboss\threads\jboss-threads\3.4.3.Final\jboss-threads-3.4.3.Final.jar;C:\Users\tomim\.m2\repository\org\slf4j\slf4j-api\1.7.36\slf4j-api-1.7.36.jar;C:\Users\tomim\.m2\repository\org\jboss\slf4j\slf4j-jboss-logmanager\1.2.0.Final\slf4j-jboss-logmanager-1.2.0.Final.jar;C:\Users\tomim\.m2\repository\org\graalvm\sdk\graal-sdk\22.3.0\graal-sdk-22.3.0.jar;C:\Users\tomim\.m2\repository\org\wildfly\common\wildfly-common\1.5.4.Final-format-001\wildfly-common-1.5.4.Final-format-001.jar;C:\Users\tomim\.m2\repository\io\quarkus\quarkus-bootstrap-runner\2.16.6.Final\quarkus-bootstrap-runner-2.16.6.Final.jar;C:\Users\tomim\.m2\repository\io\quarkus\quarkus-fs-util\0.0.9\quarkus-fs-util-0.0.9.jar;C:\Users\tomim\.m2\repository\io\quarkus\quarkus-panache-common\2.16.6.Final\quarkus-panache-common-2.16.6.Final.jar;C:\Users\tomim\.m2\repository\io\quarkus\quarkus-mongodb-panache-common\2.16.6.Final\quarkus-mongodb-panache-common-2.16.6.Final.jar;C:\Users\tomim\.m2\repository\io\quarkus\quarkus-mongodb-client\2.16.6.Final\quarkus-mongodb-client-2.16.6.Final.jar;C:\Users\tomim\.m2\repository\io\quarkus\quarkus-mutiny-reactive-streams-operators\2.16.6.Final\quarkus-mutiny-reactive-streams-operators-2.16.6.Final.jar;C:\Users\tomim\.m2\repository\org\eclipse\microprofile\reactive-streams-operators\microprofile-reactive-streams-operators-api\1.0.1\microprofile-reactive-streams-operators-api-1.0.1.jar;C:\Users\tomim\.m2\repository\org\eclipse\microprofile\reactive-streams-operators\microprofile-reactive-streams-operators-core\1.0.1\microprofile-reactive-streams-operators-core-1.0.1.jar;C:\Users\tomim\.m2\repository\io\smallrye\reactive\mutiny-reactive-streams-operators\1.9.0\mutiny-reactive-streams-operators-1.9.0.jar;C:\Users\tomim\.m2\repository\org\mongodb\mongodb-driver-sync\4.8.2\mongodb-driver-sync-4.8.2.jar;C:\Users\tomim\.m2\repository\org\mongodb\bson\4.8.2\bson-4.8.2.jar;C:\Users\tomim\.m2\repository\org\mongodb\mongodb-driver-core\4.8.2\mongodb-driver-core-4.8.2.jar;C:\Users\tomim\.m2\repository\org\mongodb\bson-record-codec\4.8.2\bson-record-codec-4.8.2.jar;C:\Users\tomim\.m2\repository\org\mongodb\mongodb-driver-reactivestreams\4.8.2\mongodb-driver-reactivestreams-4.8.2.jar;C:\Users\tomim\.m2\repository\io\projectreactor\reactor-core\3.5.0\reactor-core-3.5.0.jar;C:\Users\tomim\.m2\repository\org\mongodb\mongodb-crypt\1.6.1\mongodb-crypt-1.6.1.jar;C:\Users\tomim\.m2\repository\net\java\dev\jna\jna\5.8.0\jna-5.8.0.jar;C:\Users\tomim\.m2\repository\io\quarkus\quarkus-panacheql\2.16.6.Final\quarkus-panacheql-2.16.6.Final.jar;C:\Users\tomim\.m2\repository\org\antlr\antlr4-runtime\4.10.1\antlr4-runtime-4.10.1.jar;C:\Users\tomim\.m2\repository\io\quarkus\quarkus-narayana-jta\2.16.6.Final\quarkus-narayana-jta-2.16.6.Final.jar;C:\Users\tomim\.m2\repository\io\quarkus\quarkus-transaction-annotations\2.16.6.Final\quarkus-transaction-annotations-2.16.6.Final.jar;C:\Users\tomim\.m2\repository\io\smallrye\smallrye-context-propagation-jta\1.2.2\smallrye-context-propagation-jta-1.2.2.jar;C:\Users\tomim\.m2\repository\io\smallrye\reactive\smallrye-reactive-converter-api\2.7.0\smallrye-reactive-converter-api-2.7.0.jar;C:\Users\tomim\.m2\repository\io\smallrye\reactive\smallrye-reactive-converter-mutiny\2.7.0\smallrye-reactive-converter-mutiny-2.7.0.jar;C:\Users\tomim\.m2\repository\org\jboss\narayana\jta\narayana-jta\5.13.1.Final\narayana-jta-5.13.1.Final.jar;C:\Users\tomim\.m2\repository\org\jboss\jboss-transaction-spi\7.6.0.Final\jboss-transaction-spi-7.6.0.Final.jar;C:\Users\tomim\.m2\repository\org\jboss\spec\javax\resource\jboss-connector-api_1.7_spec\1.0.0.Final\jboss-connector-api_1.7_spec-1.0.0.Final.jar;C:\Users\tomim\.m2\repository\org\jboss\narayana\jts\narayana-jts-integration\5.13.1.Final\narayana-jts-integration-5.13.1.Final.jar;C:\Users\tomim\.m2\repository\io\quarkus\quarkus-resteasy-jsonb\2.16.6.Final\quarkus-resteasy-jsonb-2.16.6.Final.jar;C:\Users\tomim\.m2\repository\io\quarkus\quarkus-jsonb\2.16.6.Final\quarkus-jsonb-2.16.6.Final.jar;C:\Users\tomim\.m2\repository\org\eclipse\yasson\1.0.11\yasson-1.0.11.jar;C:\Users\tomim\.m2\repository\org\jboss\resteasy\resteasy-json-binding-provider\4.7.7.Final\resteasy-json-binding-provider-4.7.7.Final.jar;C:\Users\tomim\.m2\repository\jakarta\json\bind\jakarta.json.bind-api\1.0.2\jakarta.json.bind-api-1.0.2.jar;C:\Users\tomim\.m2\repository\org\jboss\resteasy\resteasy-json-p-provider\4.7.7.Final\resteasy-json-p-provider-4.7.7.Final.jar;C:\Users\tomim\.m2\repository\io\quarkus\quarkus-resteasy-jackson\2.16.6.Final\quarkus-resteasy-jackson-2.16.6.Final.jar;C:\Users\tomim\.m2\repository\io\quarkus\quarkus-jackson\2.16.6.Final\quarkus-jackson-2.16.6.Final.jar;C:\Users\tomim\.m2\repository\com\fasterxml\jackson\core\jackson-databind\2.14.2\jackson-databind-2.14.2.jar;C:\Users\tomim\.m2\repository\com\fasterxml\jackson\datatype\jackson-datatype-jsr310\2.14.2\jackson-datatype-jsr310-2.14.2.jar;C:\Users\tomim\.m2\repository\com\fasterxml\jackson\datatype\jackson-datatype-jdk8\2.14.2\jackson-datatype-jdk8-2.14.2.jar;C:\Users\tomim\.m2\repository\com\fasterxml\jackson\module\jackson-module-parameter-names\2.14.2\jackson-module-parameter-names-2.14.2.jar;C:\Users\tomim\.m2\repository\org\jboss\resteasy\resteasy-jackson2-provider\4.7.7.Final\resteasy-jackson2-provider-4.7.7.Final.jar;C:\Users\tomim\.m2\repository\com\fasterxml\jackson\core\jackson-core\2.14.2\jackson-core-2.14.2.jar;C:\Users\tomim\.m2\repository\com\fasterxml\jackson\core\jackson-annotations\2.14.2\jackson-annotations-2.14.2.jar;C:\Users\tomim\.m2\repository\com\fasterxml\jackson\jaxrs\jackson-jaxrs-json-provider\2.14.2\jackson-jaxrs-json-provider-2.14.2.jar;C:\Users\tomim\.m2\repository\com\fasterxml\jackson\jaxrs\jackson-jaxrs-base\2.14.2\jackson-jaxrs-base-2.14.2.jar;C:\Users\tomim\.m2\repository\com\fasterxml\jackson\module\jackson-module-jaxb-annotations\2.14.2\jackson-module-jaxb-annotations-2.14.2.jar;C:\Users\tomim\.m2\repository\com\github\java-json-tools\json-patch\1.13\json-patch-1.13.jar;C:\Users\tomim\.m2\repository\com\github\java-json-tools\msg-simple\1.2\msg-simple-1.2.jar;C:\Users\tomim\.m2\repository\com\github\java-json-tools\btf\1.3\btf-1.3.jar;C:\Users\tomim\.m2\repository\com\github\java-json-tools\jackson-coreutils\2.0\jackson-coreutils-2.0.jar;C:\Users\tomim\.m2\repository\org\jboss\spec\javax\xml\bind\jboss-jaxb-api_2.3_spec\2.0.0.Final\jboss-jaxb-api_2.3_spec-2.0.0.Final.jar;C:\Users\tomim\.m2\repository\io\quarkus\quarkus-smallrye-health\2.16.6.Final\quarkus-smallrye-health-2.16.6.Final.jar;C:\Users\tomim\.m2\repository\io\smallrye\smallrye-health\3.3.1\smallrye-health-3.3.1.jar;C:\Users\tomim\.m2\repository\org\eclipse\microprofile\health\microprofile-health-api\3.1\microprofile-health-api-3.1.jar;C:\Users\tomim\.m2\repository\io\smallrye\smallrye-health-api\3.3.1\smallrye-health-api-3.3.1.jar;C:\Users\tomim\.m2\repository\io\smallrye\common\smallrye-common-annotation\1.13.2\smallrye-common-annotation-1.13.2.jar;C:\Users\tomim\.m2\repository\io\smallrye\smallrye-health-provided-checks\3.3.1\smallrye-health-provided-checks-3.3.1.jar;C:\Users\tomim\.m2\repository\io\quarkus\quarkus-vertx-http\2.16.6.Final\quarkus-vertx-http-2.16.6.Final.jar;C:\Users\tomim\.m2\repository\io\quarkus\quarkus-security-runtime-spi\2.16.6.Final\quarkus-security-runtime-spi-2.16.6.Final.jar;C:\Users\tomim\.m2\repository\io\quarkus\quarkus-credentials\2.16.6.Final\quarkus-credentials-2.16.6.Final.jar;C:\Users\tomim\.m2\repository\io\quarkus\quarkus-mutiny\2.16.6.Final\quarkus-mutiny-2.16.6.Final.jar;C:\Users\tomim\.m2\repository\io\quarkus\quarkus-smallrye-context-propagation\2.16.6.Final\quarkus-smallrye-context-propagation-2.16.6.Final.jar;C:\Users\tomim\.m2\repository\io\smallrye\smallrye-context-propagation\1.2.2\smallrye-context-propagation-1.2.2.jar;C:\Users\tomim\.m2\repository\io\smallrye\smallrye-context-propagation-api\1.2.2\smallrye-context-propagation-api-1.2.2.jar;C:\Users\tomim\.m2\repository\io\smallrye\smallrye-context-propagation-storage\1.2.2\smallrye-context-propagation-storage-1.2.2.jar;C:\Users\tomim\.m2\repository\io\smallrye\reactive\mutiny-smallrye-context-propagation\1.9.0\mutiny-smallrye-context-propagation-1.9.0.jar;C:\Users\tomim\.m2\repository\io\smallrye\common\smallrye-common-vertx-context\1.13.2\smallrye-common-vertx-context-1.13.2.jar;C:\Users\tomim\.m2\repository\io\vertx\vertx-core\4.3.7\vertx-core-4.3.7.jar;C:\Users\tomim\.m2\repository\io\netty\netty-common\4.1.86.Final\netty-common-4.1.86.Final.jar;C:\Users\tomim\.m2\repository\io\netty\netty-buffer\4.1.86.Final\netty-buffer-4.1.86.Final.jar;C:\Users\tomim\.m2\repository\io\netty\netty-transport\4.1.86.Final\netty-transport-4.1.86.Final.jar;C:\Users\tomim\.m2\repository\io\netty\netty-handler\4.1.86.Final\netty-handler-4.1.86.Final.jar;C:\Users\tomim\.m2\repository\io\netty\netty-transport-native-unix-common\4.1.86.Final\netty-transport-native-unix-common-4.1.86.Final.jar;C:\Users\tomim\.m2\repository\io\netty\netty-handler-proxy\4.1.86.Final\netty-handler-proxy-4.1.86.Final.jar;C:\Users\tomim\.m2\repository\io\netty\netty-codec-socks\4.1.86.Final\netty-codec-socks-4.1.86.Final.jar;C:\Users\tomim\.m2\repository\io\netty\netty-codec-http\4.1.86.Final\netty-codec-http-4.1.86.Final.jar;C:\Users\tomim\.m2\repository\io\netty\netty-codec-http2\4.1.86.Final\netty-codec-http2-4.1.86.Final.jar;C:\Users\tomim\.m2\repository\io\netty\netty-resolver\4.1.86.Final\netty-resolver-4.1.86.Final.jar;C:\Users\tomim\.m2\repository\io\netty\netty-resolver-dns\4.1.86.Final\netty-resolver-dns-4.1.86.Final.jar;C:\Users\tomim\.m2\repository\io\netty\netty-codec-dns\4.1.86.Final\netty-codec-dns-4.1.86.Final.jar;C:\Users\tomim\.m2\repository\io\smallrye\common\smallrye-common-constraint\1.13.2\smallrye-common-constraint-1.13.2.jar;C:\Users\tomim\.m2\repository\io\quarkus\quarkus-vertx-http-dev-console-runtime-spi\2.16.6.Final\quarkus-vertx-http-dev-console-runtime-spi-2.16.6.Final.jar;C:\Users\tomim\.m2\repository\io\quarkus\security\quarkus-security\1.1.4.Final\quarkus-security-1.1.4.Final.jar;C:\Users\tomim\.m2\repository\io\quarkus\quarkus-vertx\2.16.6.Final\quarkus-vertx-2.16.6.Final.jar;C:\Users\tomim\.m2\repository\io\quarkus\quarkus-netty\2.16.6.Final\quarkus-netty-2.16.6.Final.jar;C:\Users\tomim\.m2\repository\io\netty\netty-codec\4.1.86.Final\netty-codec-4.1.86.Final.jar;C:\Users\tomim\.m2\repository\com\aayushatharva\brotli4j\brotli4j\1.8.0\brotli4j-1.8.0.jar;C:\Users\tomim\.m2\repository\com\aayushatharva\brotli4j\native-windows-x86_64\1.8.0\native-windows-x86_64-1.8.0.jar;C:\Users\tomim\.m2\repository\io\netty\netty-codec-haproxy\4.1.86.Final\netty-codec-haproxy-4.1.86.Final.jar;C:\Users\tomim\.m2\repository\io\quarkus\quarkus-vertx-latebound-mdc-provider\2.16.6.Final\quarkus-vertx-latebound-mdc-provider-2.16.6.Final.jar;C:\Users\tomim\.m2\repository\io\smallrye\reactive\smallrye-mutiny-vertx-core\2.30.1\smallrye-mutiny-vertx-core-2.30.1.jar;C:\Users\tomim\.m2\repository\io\smallrye\reactive\smallrye-mutiny-vertx-runtime\2.30.1\smallrye-mutiny-vertx-runtime-2.30.1.jar;C:\Users\tomim\.m2\repository\io\smallrye\reactive\vertx-mutiny-generator\2.30.1\vertx-mutiny-generator-2.30.1.jar;C:\Users\tomim\.m2\repository\io\vertx\vertx-codegen\4.3.7\vertx-codegen-4.3.7.jar;C:\Users\tomim\.m2\repository\io\smallrye\smallrye-fault-tolerance-vertx\5.6.0\smallrye-fault-tolerance-vertx-5.6.0.jar;C:\Users\tomim\.m2\repository\io\smallrye\reactive\smallrye-mutiny-vertx-web\2.30.1\smallrye-mutiny-vertx-web-2.30.1.jar;C:\Users\tomim\.m2\repository\io\smallrye\reactive\smallrye-mutiny-vertx-web-common\2.30.1\smallrye-mutiny-vertx-web-common-2.30.1.jar;C:\Users\tomim\.m2\repository\io\smallrye\reactive\smallrye-mutiny-vertx-auth-common\2.30.1\smallrye-mutiny-vertx-auth-common-2.30.1.jar;C:\Users\tomim\.m2\repository\io\smallrye\reactive\smallrye-mutiny-vertx-bridge-common\2.30.1\smallrye-mutiny-vertx-bridge-common-2.30.1.jar;C:\Users\tomim\.m2\repository\io\smallrye\reactive\smallrye-mutiny-vertx-uri-template\2.30.1\smallrye-mutiny-vertx-uri-template-2.30.1.jar;C:\Users\tomim\.m2\repository\io\vertx\vertx-uri-template\4.3.7\vertx-uri-template-4.3.7.jar;C:\Users\tomim\.m2\repository\io\vertx\vertx-web\4.3.7\vertx-web-4.3.7.jar;C:\Users\tomim\.m2\repository\io\vertx\vertx-web-common\4.3.7\vertx-web-common-4.3.7.jar;C:\Users\tomim\.m2\repository\io\vertx\vertx-auth-common\4.3.7\vertx-auth-common-4.3.7.jar;C:\Users\tomim\.m2\repository\io\vertx\vertx-bridge-common\4.3.7\vertx-bridge-common-4.3.7.jar;C:\Users\tomim\.m2\repository\io\github\crac\org-crac\0.1.3\org-crac-0.1.3.jar;C:\Users\tomim\.m2\repository\io\quarkus\quarkus-jsonp\2.16.6.Final\quarkus-jsonp-2.16.6.Final.jar;C:\Users\tomim\.m2\repository\org\glassfish\jakarta.json\1.1.6\jakarta.json-1.1.6.jar;C:\Users\tomim\.m2\repository\io\quarkus\quarkus-arc\2.16.6.Final\quarkus-arc-2.16.6.Final.jar;C:\Users\tomim\.m2\repository\io\quarkus\arc\arc\2.16.6.Final\arc-2.16.6.Final.jar;C:\Users\tomim\.m2\repository\jakarta\transaction\jakarta.transaction-api\1.3.3\jakarta.transaction-api-1.3.3.jar;C:\Users\tomim\.m2\repository\io\smallrye\reactive\mutiny\1.9.0\mutiny-1.9.0.jar;C:\Users\tomim\.m2\repository\org\reactivestreams\reactive-streams\1.0.3\reactive-streams-1.0.3.jar;C:\Users\tomim\.m2\repository\org\eclipse\microprofile\context-propagation\microprofile-context-propagation-api\1.2\microprofile-context-propagation-api-1.2.jar;C:\Users\tomim\.m2\repository\io\quarkus\quarkus-resteasy\2.16.6.Final\quarkus-resteasy-2.16.6.Final.jar;C:\Users\tomim\.m2\repository\io\quarkus\quarkus-resteasy-server-common\2.16.6.Final\quarkus-resteasy-server-common-2.16.6.Final.jar;C:\Users\tomim\.m2\repository\io\quarkus\quarkus-resteasy-common\2.16.6.Final\quarkus-resteasy-common-2.16.6.Final.jar;C:\Users\tomim\.m2\repository\org\jboss\resteasy\resteasy-core\4.7.7.Final\resteasy-core-4.7.7.Final.jar;C:\Users\tomim\.m2\repository\org\jboss\spec\javax\ws\rs\jboss-jaxrs-api_2.1_spec\2.0.1.Final\jboss-jaxrs-api_2.1_spec-2.0.1.Final.jar;C:\Users\tomim\.m2\repository\org\jboss\resteasy\resteasy-core-spi\4.7.7.Final\resteasy-core-spi-4.7.7.Final.jar;C:\Users\tomim\.m2\repository\com\ibm\async\asyncutil\0.1.0\asyncutil-0.1.0.jar;C:\Users\tomim\.m2\repository\com\sun\activation\jakarta.activation\1.2.1\jakarta.activation-1.2.1.jar;C:\Users\tomim\.m2\repository\jakarta\validation\jakarta.validation-api\2.0.2\jakarta.validation-api-2.0.2.jar;C:\Users\tomim\.m2\repository\io\quarkus\quarkus-junit5\2.16.6.Final\quarkus-junit5-2.16.6.Final.jar;C:\Users\tomim\.m2\repository\io\quarkus\quarkus-bootstrap-core\2.16.6.Final\quarkus-bootstrap-core-2.16.6.Final.jar;C:\Users\tomim\.m2\repository\io\quarkus\quarkus-bootstrap-app-model\2.16.6.Final\quarkus-bootstrap-app-model-2.16.6.Final.jar;C:\Users\tomim\.m2\repository\io\smallrye\common\smallrye-common-io\1.13.2\smallrye-common-io-1.13.2.jar;C:\Users\tomim\.m2\repository\org\eclipse\sisu\org.eclipse.sisu.inject\0.3.5\org.eclipse.sisu.inject-0.3.5.jar;C:\Users\tomim\.m2\repository\io\quarkus\quarkus-test-common\2.16.6.Final\quarkus-test-common-2.16.6.Final.jar;C:\Users\tomim\.m2\repository\io\quarkus\quarkus-core-deployment\2.16.6.Final\quarkus-core-deployment-2.16.6.Final.jar;C:\Users\tomim\.m2\repository\org\aesh\readline\2.2\readline-2.2.jar;C:\Users\tomim\.m2\repository\org\fusesource\jansi\jansi\1.18\jansi-1.18.jar;C:\Users\tomim\.m2\repository\org\aesh\aesh\2.7\aesh-2.7.jar;C:\Users\tomim\.m2\repository\io\quarkus\gizmo\gizmo\1.6.0.Final\gizmo-1.6.0.Final.jar;C:\Users\tomim\.m2\repository\org\ow2\asm\asm-util\9.4\asm-util-9.4.jar;C:\Users\tomim\.m2\repository\org\ow2\asm\asm-analysis\9.4\asm-analysis-9.4.jar;C:\Users\tomim\.m2\repository\org\ow2\asm\asm\9.4\asm-9.4.jar;C:\Users\tomim\.m2\repository\org\ow2\asm\asm-commons\9.4\asm-commons-9.4.jar;C:\Users\tomim\.m2\repository\org\ow2\asm\asm-tree\9.4\asm-tree-9.4.jar;C:\Users\tomim\.m2\repository\io\quarkus\quarkus-class-change-agent\2.16.6.Final\quarkus-class-change-agent-2.16.6.Final.jar;C:\Users\tomim\.m2\repository\io\quarkus\quarkus-devtools-utilities\2.16.6.Final\quarkus-devtools-utilities-2.16.6.Final.jar;C:\Users\tomim\.m2\repository\io\quarkus\quarkus-builder\2.16.6.Final\quarkus-builder-2.16.6.Final.jar;C:\Users\tomim\.m2\repository\org\junit\platform\junit-platform-launcher\1.9.2\junit-platform-launcher-1.9.2.jar;C:\Users\tomim\.m2\repository\io\quarkus\quarkus-bootstrap-maven-resolver\2.16.6.Final\quarkus-bootstrap-maven-resolver-2.16.6.Final.jar;C:\Users\tomim\.m2\repository\org\apache\maven\maven-embedder\3.8.6\maven-embedder-3.8.6.jar;C:\Users\tomim\.m2\repository\org\apache\maven\maven-settings\3.8.6\maven-settings-3.8.6.jar;C:\Users\tomim\.m2\repository\org\apache\maven\maven-core\3.8.6\maven-core-3.8.6.jar;C:\Users\tomim\.m2\repository\org\apache\maven\maven-artifact\3.8.6\maven-artifact-3.8.6.jar;C:\Users\tomim\.m2\repository\org\codehaus\plexus\plexus-component-annotations\2.1.0\plexus-component-annotations-2.1.0.jar;C:\Users\tomim\.m2\repository\org\apache\maven\maven-plugin-api\3.8.6\maven-plugin-api-3.8.6.jar;C:\Users\tomim\.m2\repository\org\apache\maven\maven-model\3.8.6\maven-model-3.8.6.jar;C:\Users\tomim\.m2\repository\org\apache\maven\maven-model-builder\3.8.6\maven-model-builder-3.8.6.jar;C:\Users\tomim\.m2\repository\org\apache\maven\maven-builder-support\3.8.6\maven-builder-support-3.8.6.jar;C:\Users\tomim\.m2\repository\org\apache\maven\resolver\maven-resolver-api\1.6.3\maven-resolver-api-1.6.3.jar;C:\Users\tomim\.m2\repository\org\apache\maven\resolver\maven-resolver-util\1.6.3\maven-resolver-util-1.6.3.jar;C:\Users\tomim\.m2\repository\org\apache\maven\shared\maven-shared-utils\3.3.4\maven-shared-utils-3.3.4.jar;C:\Users\tomim\.m2\repository\com\google\inject\guice\4.2.2\guice-4.2.2-no_aop.jar;C:\Users\tomim\.m2\repository\com\google\guava\guava\31.1-jre\guava-31.1-jre.jar;C:\Users\tomim\.m2\repository\com\google\guava\failureaccess\1.0.1\failureaccess-1.0.1.jar;C:\Users\tomim\.m2\repository\org\codehaus\plexus\plexus-classworlds\2.6.0\plexus-classworlds-2.6.0.jar;C:\Users\tomim\.m2\repository\org\codehaus\plexus\plexus-sec-dispatcher\2.0\plexus-sec-dispatcher-2.0.jar;C:\Users\tomim\.m2\repository\org\codehaus\plexus\plexus-cipher\2.0\plexus-cipher-2.0.jar;C:\Users\tomim\.m2\repository\commons-cli\commons-cli\1.4\commons-cli-1.4.jar;C:\Users\tomim\.m2\repository\org\eclipse\sisu\org.eclipse.sisu.plexus\0.3.5\org.eclipse.sisu.plexus-0.3.5.jar;C:\Users\tomim\.m2\repository\org\apache\maven\maven-settings-builder\3.8.6\maven-settings-builder-3.8.6.jar;C:\Users\tomim\.m2\repository\org\codehaus\plexus\plexus-interpolation\1.26\plexus-interpolation-1.26.jar;C:\Users\tomim\.m2\repository\org\apache\maven\maven-resolver-provider\3.8.6\maven-resolver-provider-3.8.6.jar;C:\Users\tomim\.m2\repository\org\apache\maven\maven-repository-metadata\3.8.6\maven-repository-metadata-3.8.6.jar;C:\Users\tomim\.m2\repository\org\apache\maven\resolver\maven-resolver-spi\1.6.3\maven-resolver-spi-1.6.3.jar;C:\Users\tomim\.m2\repository\org\apache\maven\resolver\maven-resolver-impl\1.6.3\maven-resolver-impl-1.6.3.jar;C:\Users\tomim\.m2\repository\org\codehaus\plexus\plexus-utils\3.3.0\plexus-utils-3.3.0.jar;C:\Users\tomim\.m2\repository\org\apache\maven\resolver\maven-resolver-connector-basic\1.6.3\maven-resolver-connector-basic-1.6.3.jar;C:\Users\tomim\.m2\repository\org\apache\maven\resolver\maven-resolver-transport-wagon\1.6.3\maven-resolver-transport-wagon-1.6.3.jar;C:\Users\tomim\.m2\repository\org\apache\maven\wagon\wagon-http\3.5.1\wagon-http-3.5.1.jar;C:\Users\tomim\.m2\repository\org\apache\maven\wagon\wagon-http-shared\3.5.1\wagon-http-shared-3.5.1.jar;C:\Users\tomim\.m2\repository\org\apache\maven\wagon\wagon-provider-api\3.5.1\wagon-provider-api-3.5.1.jar;C:\Users\tomim\.m2\repository\org\apache\maven\wagon\wagon-file\3.5.1\wagon-file-3.5.1.jar;C:\Users\tomim\.m2\repository\io\quarkus\quarkus-bootstrap-gradle-resolver\2.16.6.Final\quarkus-bootstrap-gradle-resolver-2.16.6.Final.jar;C:\Users\tomim\.m2\repository\io\smallrye\jandex\3.0.5\jandex-3.0.5.jar;C:\Users\tomim\.m2\repository\org\jboss\logging\commons-logging-jboss-logging\1.0.0.Final\commons-logging-jboss-logging-1.0.0.Final.jar;C:\Users\tomim\.m2\repository\io\quarkus\quarkus-junit5-properties\2.16.6.Final\quarkus-junit5-properties-2.16.6.Final.jar;C:\Users\tomim\.m2\repository\org\junit\jupiter\junit-jupiter\5.9.2\junit-jupiter-5.9.2.jar;C:\Users\tomim\.m2\repository\org\junit\jupiter\junit-jupiter-api\5.9.2\junit-jupiter-api-5.9.2.jar;C:\Users\tomim\.m2\repository\org\opentest4j\opentest4j\1.2.0\opentest4j-1.2.0.jar;C:\Users\tomim\.m2\repository\org\junit\platform\junit-platform-commons\1.9.2\junit-platform-commons-1.9.2.jar;C:\Users\tomim\.m2\repository\org\apiguardian\apiguardian-api\1.1.2\apiguardian-api-1.1.2.jar;C:\Users\tomim\.m2\repository\org\junit\jupiter\junit-jupiter-params\5.9.2\junit-jupiter-params-5.9.2.jar;C:\Users\tomim\.m2\repository\org\junit\jupiter\junit-jupiter-engine\5.9.2\junit-jupiter-engine-5.9.2.jar;C:\Users\tomim\.m2\repository\org\junit\platform\junit-platform-engine\1.9.2\junit-platform-engine-1.9.2.jar;C:\Users\tomim\.m2\repository\com\thoughtworks\xstream\xstream\1.4.20\xstream-1.4.20.jar;C:\Users\tomim\.m2\repository\io\github\x-stream\mxparser\1.2.2\mxparser-1.2.2.jar;C:\Users\tomim\.m2\repository\xmlpull\xmlpull\1.1.3.1\xmlpull-1.1.3.1.jar;C:\Users\tomim\.m2\repository\io\rest-assured\rest-assured\4.5.1\rest-assured-4.5.1.jar;C:\Users\tomim\.m2\repository\org\codehaus\groovy\groovy\3.0.9\groovy-3.0.9.jar;C:\Users\tomim\.m2\repository\org\codehaus\groovy\groovy-xml\3.0.9\groovy-xml-3.0.9.jar;C:\Users\tomim\.m2\repository\org\apache\httpcomponents\httpclient\4.5.14\httpclient-4.5.14.jar;C:\Users\tomim\.m2\repository\org\apache\httpcomponents\httpcore\4.4.16\httpcore-4.4.16.jar;C:\Users\tomim\.m2\repository\org\apache\httpcomponents\httpmime\4.5.14\httpmime-4.5.14.jar;C:\Users\tomim\.m2\repository\org\hamcrest\hamcrest\2.1\hamcrest-2.1.jar;C:\Users\tomim\.m2\repository\org\ccil\cowan\tagsoup\tagsoup\1.2.1\tagsoup-1.2.1.jar;C:\Users\tomim\.m2\repository\io\rest-assured\json-path\4.5.1\json-path-4.5.1.jar;C:\Users\tomim\.m2\repository\org\codehaus\groovy\groovy-json\3.0.9\groovy-json-3.0.9.jar;C:\Users\tomim\.m2\repository\io\rest-assured\rest-assured-common\4.5.1\rest-assured-common-4.5.1.jar;C:\Users\tomim\.m2\repository\io\rest-assured\xml-path\4.5.1\xml-path-4.5.1.jar;C:\Users\tomim\.m2\repository\org\apache\commons\commons-lang3\3.12.0\commons-lang3-3.12.0.jar;C:\Users\tomim\.m2\repository\io\quarkus\quarkus-smallrye-openapi\2.16.6.Final\quarkus-smallrye-openapi-2.16.6.Final.jar;C:\Users\tomim\.m2\repository\io\smallrye\smallrye-open-api-core\3.1.1\smallrye-open-api-core-3.1.1.jar;C:\Users\tomim\.m2\repository\org\eclipse\microprofile\openapi\microprofile-openapi-api\2.0.1\microprofile-openapi-api-2.0.1.jar;C:\Users\tomim\.m2\repository\org\eclipse\microprofile\config\microprofile-config-api\2.0.1\microprofile-config-api-2.0.1.jar;C:\Users\tomim\.m2\repository\com\fasterxml\jackson\dataformat\jackson-dataformat-yaml\2.14.2\jackson-dataformat-yaml-2.14.2.jar;C:\Users\tomim\.m2\repository\org\yaml\snakeyaml\1.33\snakeyaml-1.33.jar;C:\Users\tomim\.m2\repository\io\quarkus\quarkus-swagger-ui\2.16.6.Final\quarkus-swagger-ui-2.16.6.Final.jar;C:\Users\tomim\.m2\repository\commons-io\commons-io\2.11.0\commons-io-2.11.0.jar;C:\Users\tomim\.m2\repository\commons-codec\commons-codec\1.15\commons-codec-1.15.jar;"/>
    <property name="sun.cpu.endian" value="little"/>
    <property name="user.home" value="C:\Users\tomim"/>
    <property name="user.language" value="en"/>
    <property name="jboss.log-version" value="false"/>
    <property name="java.specification.vendor" value="Oracle Corporation"/>
    <property name="io.netty.allocator.maxOrder" value="3"/>
    <property name="java.version.date" value="2023-01-17"/>
    <property name="java.home" value="C:\Program Files\Java\jdk-17"/>
    <property name="file.separator" value="\"/>
    <property name="basedir" value="C:\Users\tomim\OneDrive\Namizje\quarkusapi\quarkusapi"/>
    <property name="java.vm.compressedOopsMode" value="Zero based"/>
    <property name="line.separator" value="&#10;"/>
    <property name="java.vm.specification.vendor" value="Oracle Corporation"/>
    <property name="java.specification.name" value="Java Platform API Specification"/>
    <property name="surefire.real.class.path" value="C:\Users\tomim\AppData\Local\Temp\surefire4459471550920722111\surefirebooter-20230411125554621_3.jar"/>
    <property name="user.script" value=""/>
    <property name="sun.management.compiler" value="HotSpot 64-Bit Tiered Compilers"/>
    <property name="java.runtime.version" value="17.0.6+9-LTS-190"/>
    <property name="user.name" value="tomim"/>
    <property name="dev.resteasy.exception.mapper" value="false"/>
    <property name="path.separator" value=";"/>
    <property name="os.version" value="10.0"/>
    <property name="java.runtime.name" value="Java(TM) SE Runtime Environment"/>
    <property name="file.encoding" value="Cp1250"/>
    <property name="java.vm.name" value="Java HotSpot(TM) 64-Bit Server VM"/>
    <property name="localRepository" value="C:\Users\tomim\.m2\repository"/>
    <property name="java.vendor.url.bug" value="https://bugreport.java.com/bugreport/"/>
    <property name="java.io.tmpdir" value="C:\Users\tomim\AppData\Local\Temp\"/>
    <property name="quarkus.log.file.path" value="target\quarkus.log"/>
    <property name="java.version" value="17.0.6"/>
    <property name="java.util.concurrent.ForkJoinPool.common.threadFactory" value="io.quarkus.bootstrap.forkjoin.QuarkusForkJoinWorkerThreadFactory"/>
    <property name="user.dir" value="C:\Users\tomim\OneDrive\Namizje\quarkusapi\quarkusapi"/>
    <property name="os.arch" value="amd64"/>
    <property name="java.vm.specification.name" value="Java Virtual Machine Specification"/>
    <property name="vertx.disableDnsResolver" value="true"/>
    <property name="sun.os.patch.level" value=""/>
    <property name="native.encoding" value="Cp1250"/>
    <property name="java.util.logging.manager" value="org.jboss.logmanager.LogManager"/>
    <property name="java.library.path" value="C:\Program Files\Java\jdk-17\bin;C:\WINDOWS\Sun\Java\bin;C:\WINDOWS\system32;C:\WINDOWS;C:\Program Files\Common Files\Oracle\Java\javapath;C:\Program Files\Microsoft\jdk-11.0.16.101-hotspot\bin;C:\Windows\system32;C:\Windows;C:\Windows\System32\Wbem;C:\Windows\System32\WindowsPowerShell\v1.0\;C:\Windows\System32\OpenSSH\;C:\Program Files (x86)\NVIDIA Corporation\PhysX\Common;C:\Program Files\NVIDIA Corporation\NVIDIA NvDLISR;C:\WINDOWS\system32;C:\WINDOWS;C:\WINDOWS\System32\Wbem;C:\WINDOWS\System32\WindowsPowerShell\v1.0\;C:\WINDOWS\System32\OpenSSH\;C:\Program Files\Microsoft SQL Server\150\Tools\Binn\;C:\Program Files\Microsoft SQL Server\Client SDK\ODBC\170\Tools\Binn\;C:\Program Files\dotnet\;C:\Program Files\nodejs\;C:\Program Files\Docker\Docker\resources\bin;C:\Program Files\Git\cmd;C:\Program Files\Java\jdk-17\bin;C:\Program Files\apache-maven-3.9.1\bin;C:\Users\tomim\AppData\Local\Programs\Python\Python311\Scripts\;C:\Users\tomim\AppData\Local\Programs\Python\Python311\;C:\Users\tomim\AppData\Local\Microsoft\WindowsApps;C:\Users\tomim\AppData\Local\Programs\Microsoft VS Code\bin;C:\Users\tomim\AppData\Roaming\npm;C:\Users\tomim\AppData\Local\GitHubDesktop\bin;C:\Users\tomim\.dotnet\tools;."/>
    <property name="java.vm.info" value="mixed mode, sharing"/>
    <property name="java.vendor" value="Oracle Corporation"/>
    <property name="vertx.disableTCCL" value="true"/>
    <property name="java.vm.version" value="17.0.6+9-LTS-190"/>
    <property name="sun.io.unicode.encoding" value="UnicodeLittle"/>
    <property name="io.netty.machineId" value="64:30:ca:cb:08:40:63:f1"/>
    <property name="java.class.version" value="61.0"/>
    <property name="mp.openapi.extensions.smallrye.defaultConsumes" value="application/json"/>
  </properties>
  <testcase name="testAddNewUser" classname="org.acme.GreetingResourceTest" time="4.645">
    <system-out><![CDATA[2023-04-11 12:56:01,440 WARN  [io.net.res.dns.DefaultDnsServerAddressStreamProvider] (main) Default DNS servers: [/8.8.8.8:53, /8.8.4.4:53] (Google Public DNS as a fallback)
2023-04-11 12:56:01,865 INFO  [io.quarkus] (main) quarkusapi 1.0.0-SNAPSHOT on JVM (powered by Quarkus 2.16.6.Final) started in 4.638s. Listening on: http://localhost:8081
2023-04-11 12:56:01,866 INFO  [io.quarkus] (main) Profile test activated. 
2023-04-11 12:56:01,867 INFO  [io.quarkus] (main) Installed features: [cdi, mongodb-client, mongodb-panache, narayana-jta, resteasy, resteasy-jackson, resteasy-jsonb, smallrye-context-propagation, smallrye-health, smallrye-openapi, swagger-ui, vertx]
2023-04-11 12:56:03,916 INFO  [User controller] (executor-thread-0) Creating user:...
2023-04-11 12:56:04,007 INFO  [org.mon.dri.client] (executor-thread-0) MongoClient with metadata {"driver": {"name": "mongo-java-driver|sync", "version": "4.8.2"}, "os": {"type": "Windows", "name": "Windows 10", "architecture": "amd64", "version": "10.0"}, "platform": "Java/Oracle Corporation/17.0.6+9-LTS-190"} created with settings MongoClientSettings{readPreference=primary, writeConcern=WriteConcern{w=null, wTimeout=null ms, journal=true}, retryWrites=false, retryReads=true, readConcern=ReadConcern{level=null}, credential=MongoCredential{mechanism=null, userName='Tomi', source='admin', password=<hidden>, mechanismProperties=<hidden>}, streamFactoryFactory=null, commandListeners=[], codecRegistry=ProvidersCodecRegistry{codecProviders=[ProvidersCodecRegistry{codecProviders=[ValueCodecProvider{}, BsonValueCodecProvider{}, DBRefCodecProvider{}, DBObjectCodecProvider{}, DocumentCodecProvider{}, CollectionCodecProvider{}, IterableCodecProvider{}, MapCodecProvider{}, GeoJsonCodecProvider{}, GridFSFileCodecProvider{}, Jsr310CodecProvider{}, JsonObjectCodecProvider{}, BsonCodecProvider{}, EnumCodecProvider{}, com.mongodb.Jep395RecordCodecProvider@716fff1d]}, ProvidersCodecRegistry{codecProviders=[org.bson.codecs.pojo.PojoCodecProvider@1fd9191]}]}, clusterSettings={hosts=[127.0.0.1:27017], srvHost=cluster0.ywh8d.mongodb.net, srvServiceName=mongodb, mode=MULTIPLE, requiredClusterType=REPLICA_SET, requiredReplicaSetName='Cluster0-shard-0', serverSelector='null', clusterListeners='[]', serverSelectionTimeout='30000 ms', localThreshold='30000 ms'}, socketSettings=SocketSettings{connectTimeoutMS=10000, readTimeoutMS=0, receiveBufferSize=0, sendBufferSize=0}, heartbeatSocketSettings=SocketSettings{connectTimeoutMS=10000, readTimeoutMS=10000, receiveBufferSize=0, sendBufferSize=0}, connectionPoolSettings=ConnectionPoolSettings{maxSize=100, minSize=0, maxWaitTimeMS=120000, maxConnectionLifeTimeMS=0, maxConnectionIdleTimeMS=0, maintenanceInitialDelayMS=0, maintenanceFrequencyMS=60000, connectionPoolListeners=[], maxConnecting=2}, serverSettings=ServerSettings{heartbeatFrequencyMS=10000, minHeartbeatFrequencyMS=500, serverListeners='[]', serverMonitorListeners='[]'}, sslSettings=SslSettings{enabled=true, invalidHostNameAllowed=false, context=null}, applicationName='null', compressorList=[], uuidRepresentation=UNSPECIFIED, serverApi=null, autoEncryptionSettings=null, contextProvider=null}
2023-04-11 12:56:04,039 INFO  [org.mon.dri.cluster] (executor-thread-0) Cluster description not yet available. Waiting for 30000 ms before timing out
2023-04-11 12:56:04,043 INFO  [org.mon.dri.cluster] (cluster-ClusterId{value='64353cc3af9c9b4c0fdb6588', description='null'}-srv-cluster0.ywh8d.mongodb.net) Adding discovered server cluster0-shard-00-01.ywh8d.mongodb.net:27017 to client view of cluster
2023-04-11 12:56:04,068 INFO  [org.mon.dri.cluster] (cluster-ClusterId{value='64353cc3af9c9b4c0fdb6588', description='null'}-srv-cluster0.ywh8d.mongodb.net) Adding discovered server cluster0-shard-00-02.ywh8d.mongodb.net:27017 to client view of cluster
2023-04-11 12:56:04,070 INFO  [org.mon.dri.cluster] (cluster-ClusterId{value='64353cc3af9c9b4c0fdb6588', description='null'}-srv-cluster0.ywh8d.mongodb.net) Adding discovered server cluster0-shard-00-00.ywh8d.mongodb.net:27017 to client view of cluster
2023-04-11 12:56:04,078 INFO  [org.mon.dri.cluster] (executor-thread-0) No server chosen by com.mongodb.client.internal.MongoClientDelegate$1@5b27de58 from cluster description ClusterDescription{type=REPLICA_SET, connectionMode=MULTIPLE, serverDescriptions=[ServerDescription{address=cluster0-shard-00-01.ywh8d.mongodb.net:27017, type=UNKNOWN, state=CONNECTING}, ServerDescription{address=cluster0-shard-00-00.ywh8d.mongodb.net:27017, type=UNKNOWN, state=CONNECTING}, ServerDescription{address=cluster0-shard-00-02.ywh8d.mongodb.net:27017, type=UNKNOWN, state=CONNECTING}]}. Waiting for 30000 ms before timing out
2023-04-11 12:56:04,699 INFO  [org.mon.dri.cluster] (cluster-ClusterId{value='64353cc3af9c9b4c0fdb6588', description='null'}-cluster0-shard-00-01.ywh8d.mongodb.net:27017) Monitor thread successfully connected to server with description ServerDescription{address=cluster0-shard-00-01.ywh8d.mongodb.net:27017, type=REPLICA_SET_SECONDARY, state=CONNECTED, ok=true, minWireVersion=0, maxWireVersion=13, maxDocumentSize=16777216, logicalSessionTimeoutMinutes=30, roundTripTimeNanos=423881400, setName='Cluster0-shard-0', canonicalAddress=cluster0-shard-00-01.ywh8d.mongodb.net:27017, hosts=[cluster0-shard-00-00.ywh8d.mongodb.net:27017, cluster0-shard-00-02.ywh8d.mongodb.net:27017, cluster0-shard-00-01.ywh8d.mongodb.net:27017], passives=[], arbiters=[], primary='cluster0-shard-00-02.ywh8d.mongodb.net:27017', tagSet=TagSet{[Tag{name='nodeType', value='ELECTABLE'}, Tag{name='provider', value='AWS'}, Tag{name='region', value='US_EAST_1'}, Tag{name='workloadType', value='OPERATIONAL'}]}, electionId=null, setVersion=9, topologyVersion=TopologyVersion{processId=642b2639f14c14a8c409bfb3, counter=3}, lastWriteDate=Tue Apr 11 12:56:05 CEST 2023, lastUpdateTimeNanos=1203530192085900}
2023-04-11 12:56:04,699 INFO  [org.mon.dri.cluster] (cluster-ClusterId{value='64353cc3af9c9b4c0fdb6588', description='null'}-cluster0-shard-00-00.ywh8d.mongodb.net:27017) Monitor thread successfully connected to server with description ServerDescription{address=cluster0-shard-00-00.ywh8d.mongodb.net:27017, type=REPLICA_SET_SECONDARY, state=CONNECTED, ok=true, minWireVersion=0, maxWireVersion=13, maxDocumentSize=16777216, logicalSessionTimeoutMinutes=30, roundTripTimeNanos=423881400, setName='Cluster0-shard-0', canonicalAddress=cluster0-shard-00-00.ywh8d.mongodb.net:27017, hosts=[cluster0-shard-00-00.ywh8d.mongodb.net:27017, cluster0-shard-00-02.ywh8d.mongodb.net:27017, cluster0-shard-00-01.ywh8d.mongodb.net:27017], passives=[], arbiters=[], primary='cluster0-shard-00-02.ywh8d.mongodb.net:27017', tagSet=TagSet{[Tag{name='nodeType', value='ELECTABLE'}, Tag{name='provider', value='AWS'}, Tag{name='region', value='US_EAST_1'}, Tag{name='workloadType', value='OPERATIONAL'}]}, electionId=null, setVersion=9, topologyVersion=TopologyVersion{processId=642b23de0889c8d89137a476, counter=4}, lastWriteDate=Tue Apr 11 12:56:05 CEST 2023, lastUpdateTimeNanos=1203530192085900}
2023-04-11 12:56:04,699 INFO  [org.mon.dri.cluster] (cluster-ClusterId{value='64353cc3af9c9b4c0fdb6588', description='null'}-cluster0-shard-00-02.ywh8d.mongodb.net:27017) Monitor thread successfully connected to server with description ServerDescription{address=cluster0-shard-00-02.ywh8d.mongodb.net:27017, type=REPLICA_SET_PRIMARY, state=CONNECTED, ok=true, minWireVersion=0, maxWireVersion=13, maxDocumentSize=16777216, logicalSessionTimeoutMinutes=30, roundTripTimeNanos=423883900, setName='Cluster0-shard-0', canonicalAddress=cluster0-shard-00-02.ywh8d.mongodb.net:27017, hosts=[cluster0-shard-00-00.ywh8d.mongodb.net:27017, cluster0-shard-00-02.ywh8d.mongodb.net:27017, cluster0-shard-00-01.ywh8d.mongodb.net:27017], passives=[], arbiters=[], primary='cluster0-shard-00-02.ywh8d.mongodb.net:27017', tagSet=TagSet{[Tag{name='nodeType', value='ELECTABLE'}, Tag{name='provider', value='AWS'}, Tag{name='region', value='US_EAST_1'}, Tag{name='workloadType', value='OPERATIONAL'}]}, electionId=7fffffff0000000000000097, setVersion=9, topologyVersion=TopologyVersion{processId=642b2531e2093d97ba1e0f1e, counter=6}, lastWriteDate=Tue Apr 11 12:56:05 CEST 2023, lastUpdateTimeNanos=1203530192086000}
2023-04-11 12:56:04,704 INFO  [org.mon.dri.cluster] (cluster-ClusterId{value='64353cc3af9c9b4c0fdb6588', description='null'}-cluster0-shard-00-02.ywh8d.mongodb.net:27017) Discovered replica set primary cluster0-shard-00-02.ywh8d.mongodb.net:27017 with max election id 7fffffff0000000000000097 and max set version 9
]]></system-out>
  </testcase>
  <testcase name="testGetAllUsers" classname="org.acme.GreetingResourceTest" time="0.306">
    <failure message="1 expectation failed.&#10;JSON path $.size() doesn&apos;t match.&#10;Expected: &lt;2&gt;&#10;  Actual: &lt;1&gt;&#10;" type="java.lang.AssertionError"><![CDATA[java.lang.AssertionError: 
1 expectation failed.
JSON path $.size() doesn't match.
Expected: <2>
  Actual: <1>

	at java.base/jdk.internal.reflect.NativeConstructorAccessorImpl.newInstance0(Native Method)
	at java.base/jdk.internal.reflect.NativeConstructorAccessorImpl.newInstance(NativeConstructorAccessorImpl.java:77)
	at java.base/jdk.internal.reflect.DelegatingConstructorAccessorImpl.newInstance(DelegatingConstructorAccessorImpl.java:45)
	at java.base/java.lang.reflect.Constructor.newInstanceWithCaller(Constructor.java:499)
	at java.base/java.lang.reflect.Constructor.newInstance(Constructor.java:480)
	at org.codehaus.groovy.reflection.CachedConstructor.invoke(CachedConstructor.java:72)
	at org.codehaus.groovy.runtime.callsite.ConstructorSite$ConstructorSiteNoUnwrapNoCoerce.callConstructor(ConstructorSite.java:105)
	at org.codehaus.groovy.runtime.callsite.CallSiteArray.defaultCallConstructor(CallSiteArray.java:59)
	at org.codehaus.groovy.runtime.callsite.AbstractCallSite.callConstructor(AbstractCallSite.java:263)
	at org.codehaus.groovy.runtime.callsite.AbstractCallSite.callConstructor(AbstractCallSite.java:277)
	at io.restassured.internal.ResponseSpecificationImpl$HamcrestAssertionClosure.validate(ResponseSpecificationImpl.groovy:499)
	at io.restassured.internal.ResponseSpecificationImpl$HamcrestAssertionClosure$validate$1.call(Unknown Source)
	at io.restassured.internal.ResponseSpecificationImpl.validateResponseIfRequired(ResponseSpecificationImpl.groovy:684)
	at java.base/jdk.internal.reflect.NativeMethodAccessorImpl.invoke0(Native Method)
	at java.base/jdk.internal.reflect.NativeMethodAccessorImpl.invoke(NativeMethodAccessorImpl.java:77)
	at java.base/jdk.internal.reflect.DelegatingMethodAccessorImpl.invoke(DelegatingMethodAccessorImpl.java:43)
	at java.base/java.lang.reflect.Method.invoke(Method.java:568)
	at org.codehaus.groovy.runtime.callsite.PlainObjectMetaMethodSite.doInvoke(PlainObjectMetaMethodSite.java:43)
	at org.codehaus.groovy.runtime.callsite.PogoMetaMethodSite$PogoCachedMethodSiteNoUnwrapNoCoerce.invoke(PogoMetaMethodSite.java:193)
	at org.codehaus.groovy.runtime.callsite.PogoMetaMethodSite.callCurrent(PogoMetaMethodSite.java:61)
	at org.codehaus.groovy.runtime.callsite.AbstractCallSite.callCurrent(AbstractCallSite.java:185)
	at io.restassured.internal.ResponseSpecificationImpl.body(ResponseSpecificationImpl.groovy:262)
	at io.restassured.specification.ResponseSpecification$body$1.callCurrent(Unknown Source)
	at io.restassured.internal.ResponseSpecificationImpl.body(ResponseSpecificationImpl.groovy:109)
	at io.restassured.internal.ValidatableResponseOptionsImpl.body(ValidatableResponseOptionsImpl.java:244)
	at io.restassured.internal.ValidatableResponseImpl.super$2$body(ValidatableResponseImpl.groovy)
	at java.base/jdk.internal.reflect.NativeMethodAccessorImpl.invoke0(Native Method)
	at java.base/jdk.internal.reflect.NativeMethodAccessorImpl.invoke(NativeMethodAccessorImpl.java:77)
	at java.base/jdk.internal.reflect.DelegatingMethodAccessorImpl.invoke(DelegatingMethodAccessorImpl.java:43)
	at java.base/java.lang.reflect.Method.invoke(Method.java:568)
	at org.codehaus.groovy.reflection.CachedMethod.invoke(CachedMethod.java:107)
	at groovy.lang.MetaMethod.doMethodInvoke(MetaMethod.java:323)
	at groovy.lang.MetaClassImpl.invokeMethod(MetaClassImpl.java:1268)
	at org.codehaus.groovy.runtime.ScriptBytecodeAdapter.invokeMethodOnSuperN(ScriptBytecodeAdapter.java:144)
	at io.restassured.internal.ValidatableResponseImpl.body(ValidatableResponseImpl.groovy:298)
	at io.restassured.internal.ValidatableResponseImpl.body(ValidatableResponseImpl.groovy)
	at org.acme.GreetingResourceTest.testGetAllUsers(GreetingResourceTest.java:22)
	at java.base/jdk.internal.reflect.NativeMethodAccessorImpl.invoke0(Native Method)
	at java.base/jdk.internal.reflect.NativeMethodAccessorImpl.invoke(NativeMethodAccessorImpl.java:77)
	at java.base/jdk.internal.reflect.DelegatingMethodAccessorImpl.invoke(DelegatingMethodAccessorImpl.java:43)
	at java.base/java.lang.reflect.Method.invoke(Method.java:568)
	at io.quarkus.test.junit.QuarkusTestExtension.runExtensionMethod(QuarkusTestExtension.java:1002)
	at io.quarkus.test.junit.QuarkusTestExtension.interceptTestMethod(QuarkusTestExtension.java:816)
	at org.junit.jupiter.engine.execution.InterceptingExecutableInvoker$ReflectiveInterceptorCall.lambda$ofVoidMethod$0(InterceptingExecutableInvoker.java:103)
	at org.junit.jupiter.engine.execution.InterceptingExecutableInvoker.lambda$invoke$0(InterceptingExecutableInvoker.java:93)
	at org.junit.jupiter.engine.execution.InvocationInterceptorChain$InterceptedInvocation.proceed(InvocationInterceptorChain.java:106)
	at org.junit.jupiter.engine.extension.TimeoutExtension.intercept(TimeoutExtension.java:156)
	at org.junit.jupiter.engine.extension.TimeoutExtension.interceptTestableMethod(TimeoutExtension.java:147)
	at org.junit.jupiter.engine.extension.TimeoutExtension.interceptTestMethod(TimeoutExtension.java:86)
	at org.junit.jupiter.engine.execution.InterceptingExecutableInvoker$ReflectiveInterceptorCall.lambda$ofVoidMethod$0(InterceptingExecutableInvoker.java:103)
	at org.junit.jupiter.engine.execution.InterceptingExecutableInvoker.lambda$invoke$0(InterceptingExecutableInvoker.java:93)
	at org.junit.jupiter.engine.execution.InvocationInterceptorChain$InterceptedInvocation.proceed(InvocationInterceptorChain.java:106)
	at org.junit.jupiter.engine.execution.InvocationInterceptorChain.proceed(InvocationInterceptorChain.java:64)
	at org.junit.jupiter.engine.execution.InvocationInterceptorChain.chainAndInvoke(InvocationInterceptorChain.java:45)
	at org.junit.jupiter.engine.execution.InvocationInterceptorChain.invoke(InvocationInterceptorChain.java:37)
	at org.junit.jupiter.engine.execution.InterceptingExecutableInvoker.invoke(InterceptingExecutableInvoker.java:92)
	at org.junit.jupiter.engine.execution.InterceptingExecutableInvoker.invoke(InterceptingExecutableInvoker.java:86)
	at org.junit.jupiter.engine.descriptor.TestMethodTestDescriptor.lambda$invokeTestMethod$7(TestMethodTestDescriptor.java:217)
	at org.junit.platform.engine.support.hierarchical.ThrowableCollector.execute(ThrowableCollector.java:73)
	at org.junit.jupiter.engine.descriptor.TestMethodTestDescriptor.invokeTestMethod(TestMethodTestDescriptor.java:213)
	at org.junit.jupiter.engine.descriptor.TestMethodTestDescriptor.execute(TestMethodTestDescriptor.java:138)
	at org.junit.jupiter.engine.descriptor.TestMethodTestDescriptor.execute(TestMethodTestDescriptor.java:68)
	at org.junit.platform.engine.support.hierarchical.NodeTestTask.lambda$executeRecursively$6(NodeTestTask.java:151)
	at org.junit.platform.engine.support.hierarchical.ThrowableCollector.execute(ThrowableCollector.java:73)
	at org.junit.platform.engine.support.hierarchical.NodeTestTask.lambda$executeRecursively$8(NodeTestTask.java:141)
	at org.junit.platform.engine.support.hierarchical.Node.around(Node.java:137)
	at org.junit.platform.engine.support.hierarchical.NodeTestTask.lambda$executeRecursively$9(NodeTestTask.java:139)
	at org.junit.platform.engine.support.hierarchical.ThrowableCollector.execute(ThrowableCollector.java:73)
	at org.junit.platform.engine.support.hierarchical.NodeTestTask.executeRecursively(NodeTestTask.java:138)
	at org.junit.platform.engine.support.hierarchical.NodeTestTask.execute(NodeTestTask.java:95)
	at java.base/java.util.ArrayList.forEach(ArrayList.java:1511)
	at org.junit.platform.engine.support.hierarchical.SameThreadHierarchicalTestExecutorService.invokeAll(SameThreadHierarchicalTestExecutorService.java:41)
	at org.junit.platform.engine.support.hierarchical.NodeTestTask.lambda$executeRecursively$6(NodeTestTask.java:155)
	at org.junit.platform.engine.support.hierarchical.ThrowableCollector.execute(ThrowableCollector.java:73)
	at org.junit.platform.engine.support.hierarchical.NodeTestTask.lambda$executeRecursively$8(NodeTestTask.java:141)
	at org.junit.platform.engine.support.hierarchical.Node.around(Node.java:137)
	at org.junit.platform.engine.support.hierarchical.NodeTestTask.lambda$executeRecursively$9(NodeTestTask.java:139)
	at org.junit.platform.engine.support.hierarchical.ThrowableCollector.execute(ThrowableCollector.java:73)
	at org.junit.platform.engine.support.hierarchical.NodeTestTask.executeRecursively(NodeTestTask.java:138)
	at org.junit.platform.engine.support.hierarchical.NodeTestTask.execute(NodeTestTask.java:95)
	at java.base/java.util.ArrayList.forEach(ArrayList.java:1511)
	at org.junit.platform.engine.support.hierarchical.SameThreadHierarchicalTestExecutorService.invokeAll(SameThreadHierarchicalTestExecutorService.java:41)
	at org.junit.platform.engine.support.hierarchical.NodeTestTask.lambda$executeRecursively$6(NodeTestTask.java:155)
	at org.junit.platform.engine.support.hierarchical.ThrowableCollector.execute(ThrowableCollector.java:73)
	at org.junit.platform.engine.support.hierarchical.NodeTestTask.lambda$executeRecursively$8(NodeTestTask.java:141)
	at org.junit.platform.engine.support.hierarchical.Node.around(Node.java:137)
	at org.junit.platform.engine.support.hierarchical.NodeTestTask.lambda$executeRecursively$9(NodeTestTask.java:139)
	at org.junit.platform.engine.support.hierarchical.ThrowableCollector.execute(ThrowableCollector.java:73)
	at org.junit.platform.engine.support.hierarchical.NodeTestTask.executeRecursively(NodeTestTask.java:138)
	at org.junit.platform.engine.support.hierarchical.NodeTestTask.execute(NodeTestTask.java:95)
	at org.junit.platform.engine.support.hierarchical.SameThreadHierarchicalTestExecutorService.submit(SameThreadHierarchicalTestExecutorService.java:35)
	at org.junit.platform.engine.support.hierarchical.HierarchicalTestExecutor.execute(HierarchicalTestExecutor.java:57)
	at org.junit.platform.engine.support.hierarchical.HierarchicalTestEngine.execute(HierarchicalTestEngine.java:54)
	at org.junit.platform.launcher.core.EngineExecutionOrchestrator.execute(EngineExecutionOrchestrator.java:147)
	at org.junit.platform.launcher.core.EngineExecutionOrchestrator.execute(EngineExecutionOrchestrator.java:127)
	at org.junit.platform.launcher.core.EngineExecutionOrchestrator.execute(EngineExecutionOrchestrator.java:90)
	at org.junit.platform.launcher.core.EngineExecutionOrchestrator.lambda$execute$0(EngineExecutionOrchestrator.java:55)
	at org.junit.platform.launcher.core.EngineExecutionOrchestrator.withInterceptedStreams(EngineExecutionOrchestrator.java:102)
	at org.junit.platform.launcher.core.EngineExecutionOrchestrator.execute(EngineExecutionOrchestrator.java:54)
	at org.junit.platform.launcher.core.DefaultLauncher.execute(DefaultLauncher.java:114)
	at org.junit.platform.launcher.core.DefaultLauncher.execute(DefaultLauncher.java:86)
	at org.junit.platform.launcher.core.DefaultLauncherSession$DelegatingLauncher.execute(DefaultLauncherSession.java:86)
	at org.apache.maven.surefire.junitplatform.LazyLauncher.execute(LazyLauncher.java:55)
	at org.apache.maven.surefire.junitplatform.JUnitPlatformProvider.execute(JUnitPlatformProvider.java:223)
	at org.apache.maven.surefire.junitplatform.JUnitPlatformProvider.invokeAllTests(JUnitPlatformProvider.java:175)
	at org.apache.maven.surefire.junitplatform.JUnitPlatformProvider.invoke(JUnitPlatformProvider.java:139)
	at org.apache.maven.surefire.booter.ForkedBooter.runSuitesInProcess(ForkedBooter.java:456)
	at org.apache.maven.surefire.booter.ForkedBooter.execute(ForkedBooter.java:169)
	at org.apache.maven.surefire.booter.ForkedBooter.run(ForkedBooter.java:595)
	at org.apache.maven.surefire.booter.ForkedBooter.main(ForkedBooter.java:581)
]]></failure>
    <system-out><![CDATA[2023-04-11 12:56:06,580 INFO  [User controller] (executor-thread-0) Getting all users...
]]></system-out>
  </testcase>
  <testcase name="testDeleteUser" classname="org.acme.GreetingResourceTest" time="0.528">
    <failure message="1 expectation failed.&#10;Expected status code &lt;404&gt; but was &lt;204&gt;.&#10;" type="java.lang.AssertionError"><![CDATA[java.lang.AssertionError: 
1 expectation failed.
Expected status code <404> but was <204>.

	at java.base/jdk.internal.reflect.NativeConstructorAccessorImpl.newInstance0(Native Method)
	at java.base/jdk.internal.reflect.NativeConstructorAccessorImpl.newInstance(NativeConstructorAccessorImpl.java:77)
	at java.base/jdk.internal.reflect.DelegatingConstructorAccessorImpl.newInstance(DelegatingConstructorAccessorImpl.java:45)
	at java.base/java.lang.reflect.Constructor.newInstanceWithCaller(Constructor.java:499)
	at java.base/java.lang.reflect.Constructor.newInstance(Constructor.java:480)
	at org.codehaus.groovy.reflection.CachedConstructor.invoke(CachedConstructor.java:72)
	at org.codehaus.groovy.runtime.callsite.ConstructorSite$ConstructorSiteNoUnwrapNoCoerce.callConstructor(ConstructorSite.java:105)
	at org.codehaus.groovy.runtime.callsite.AbstractCallSite.callConstructor(AbstractCallSite.java:277)
	at io.restassured.internal.ResponseSpecificationImpl$HamcrestAssertionClosure.validate(ResponseSpecificationImpl.groovy:499)
	at io.restassured.internal.ResponseSpecificationImpl$HamcrestAssertionClosure$validate$1.call(Unknown Source)
	at io.restassured.internal.ResponseSpecificationImpl.validateResponseIfRequired(ResponseSpecificationImpl.groovy:684)
	at java.base/jdk.internal.reflect.NativeMethodAccessorImpl.invoke0(Native Method)
	at java.base/jdk.internal.reflect.NativeMethodAccessorImpl.invoke(NativeMethodAccessorImpl.java:77)
	at java.base/jdk.internal.reflect.DelegatingMethodAccessorImpl.invoke(DelegatingMethodAccessorImpl.java:43)
	at java.base/java.lang.reflect.Method.invoke(Method.java:568)
	at org.codehaus.groovy.runtime.callsite.PlainObjectMetaMethodSite.doInvoke(PlainObjectMetaMethodSite.java:43)
	at org.codehaus.groovy.runtime.callsite.PogoMetaMethodSite$PogoCachedMethodSiteNoUnwrapNoCoerce.invoke(PogoMetaMethodSite.java:193)
	at org.codehaus.groovy.runtime.callsite.PogoMetaMethodSite.callCurrent(PogoMetaMethodSite.java:61)
	at org.codehaus.groovy.runtime.callsite.AbstractCallSite.callCurrent(AbstractCallSite.java:185)
	at io.restassured.internal.ResponseSpecificationImpl.statusCode(ResponseSpecificationImpl.groovy:127)
	at io.restassured.specification.ResponseSpecification$statusCode$0.callCurrent(Unknown Source)
	at io.restassured.internal.ResponseSpecificationImpl.statusCode(ResponseSpecificationImpl.groovy:135)
	at io.restassured.internal.ValidatableResponseOptionsImpl.statusCode(ValidatableResponseOptionsImpl.java:89)
	at io.restassured.internal.ValidatableResponseImpl.super$2$statusCode(ValidatableResponseImpl.groovy)
	at java.base/jdk.internal.reflect.NativeMethodAccessorImpl.invoke0(Native Method)
	at java.base/jdk.internal.reflect.NativeMethodAccessorImpl.invoke(NativeMethodAccessorImpl.java:77)
	at java.base/jdk.internal.reflect.DelegatingMethodAccessorImpl.invoke(DelegatingMethodAccessorImpl.java:43)
	at java.base/java.lang.reflect.Method.invoke(Method.java:568)
	at org.codehaus.groovy.reflection.CachedMethod.invoke(CachedMethod.java:107)
	at groovy.lang.MetaMethod.doMethodInvoke(MetaMethod.java:323)
	at groovy.lang.MetaClassImpl.invokeMethod(MetaClassImpl.java:1268)
	at org.codehaus.groovy.runtime.ScriptBytecodeAdapter.invokeMethodOnSuperN(ScriptBytecodeAdapter.java:144)
	at io.restassured.internal.ValidatableResponseImpl.statusCode(ValidatableResponseImpl.groovy:142)
	at io.restassured.internal.ValidatableResponseImpl.statusCode(ValidatableResponseImpl.groovy)
	at org.acme.GreetingResourceTest.testDeleteUser(GreetingResourceTest.java:74)
	at java.base/jdk.internal.reflect.NativeMethodAccessorImpl.invoke0(Native Method)
	at java.base/jdk.internal.reflect.NativeMethodAccessorImpl.invoke(NativeMethodAccessorImpl.java:77)
	at java.base/jdk.internal.reflect.DelegatingMethodAccessorImpl.invoke(DelegatingMethodAccessorImpl.java:43)
	at java.base/java.lang.reflect.Method.invoke(Method.java:568)
	at io.quarkus.test.junit.QuarkusTestExtension.runExtensionMethod(QuarkusTestExtension.java:1002)
	at io.quarkus.test.junit.QuarkusTestExtension.interceptTestMethod(QuarkusTestExtension.java:816)
	at org.junit.jupiter.engine.execution.InterceptingExecutableInvoker$ReflectiveInterceptorCall.lambda$ofVoidMethod$0(InterceptingExecutableInvoker.java:103)
	at org.junit.jupiter.engine.execution.InterceptingExecutableInvoker.lambda$invoke$0(InterceptingExecutableInvoker.java:93)
	at org.junit.jupiter.engine.execution.InvocationInterceptorChain$InterceptedInvocation.proceed(InvocationInterceptorChain.java:106)
	at org.junit.jupiter.engine.extension.TimeoutExtension.intercept(TimeoutExtension.java:156)
	at org.junit.jupiter.engine.extension.TimeoutExtension.interceptTestableMethod(TimeoutExtension.java:147)
	at org.junit.jupiter.engine.extension.TimeoutExtension.interceptTestMethod(TimeoutExtension.java:86)
	at org.junit.jupiter.engine.execution.InterceptingExecutableInvoker$ReflectiveInterceptorCall.lambda$ofVoidMethod$0(InterceptingExecutableInvoker.java:103)
	at org.junit.jupiter.engine.execution.InterceptingExecutableInvoker.lambda$invoke$0(InterceptingExecutableInvoker.java:93)
	at org.junit.jupiter.engine.execution.InvocationInterceptorChain$InterceptedInvocation.proceed(InvocationInterceptorChain.java:106)
	at org.junit.jupiter.engine.execution.InvocationInterceptorChain.proceed(InvocationInterceptorChain.java:64)
	at org.junit.jupiter.engine.execution.InvocationInterceptorChain.chainAndInvoke(InvocationInterceptorChain.java:45)
	at org.junit.jupiter.engine.execution.InvocationInterceptorChain.invoke(InvocationInterceptorChain.java:37)
	at org.junit.jupiter.engine.execution.InterceptingExecutableInvoker.invoke(InterceptingExecutableInvoker.java:92)
	at org.junit.jupiter.engine.execution.InterceptingExecutableInvoker.invoke(InterceptingExecutableInvoker.java:86)
	at org.junit.jupiter.engine.descriptor.TestMethodTestDescriptor.lambda$invokeTestMethod$7(TestMethodTestDescriptor.java:217)
	at org.junit.platform.engine.support.hierarchical.ThrowableCollector.execute(ThrowableCollector.java:73)
	at org.junit.jupiter.engine.descriptor.TestMethodTestDescriptor.invokeTestMethod(TestMethodTestDescriptor.java:213)
	at org.junit.jupiter.engine.descriptor.TestMethodTestDescriptor.execute(TestMethodTestDescriptor.java:138)
	at org.junit.jupiter.engine.descriptor.TestMethodTestDescriptor.execute(TestMethodTestDescriptor.java:68)
	at org.junit.platform.engine.support.hierarchical.NodeTestTask.lambda$executeRecursively$6(NodeTestTask.java:151)
	at org.junit.platform.engine.support.hierarchical.ThrowableCollector.execute(ThrowableCollector.java:73)
	at org.junit.platform.engine.support.hierarchical.NodeTestTask.lambda$executeRecursively$8(NodeTestTask.java:141)
	at org.junit.platform.engine.support.hierarchical.Node.around(Node.java:137)
	at org.junit.platform.engine.support.hierarchical.NodeTestTask.lambda$executeRecursively$9(NodeTestTask.java:139)
	at org.junit.platform.engine.support.hierarchical.ThrowableCollector.execute(ThrowableCollector.java:73)
	at org.junit.platform.engine.support.hierarchical.NodeTestTask.executeRecursively(NodeTestTask.java:138)
	at org.junit.platform.engine.support.hierarchical.NodeTestTask.execute(NodeTestTask.java:95)
	at java.base/java.util.ArrayList.forEach(ArrayList.java:1511)
	at org.junit.platform.engine.support.hierarchical.SameThreadHierarchicalTestExecutorService.invokeAll(SameThreadHierarchicalTestExecutorService.java:41)
	at org.junit.platform.engine.support.hierarchical.NodeTestTask.lambda$executeRecursively$6(NodeTestTask.java:155)
	at org.junit.platform.engine.support.hierarchical.ThrowableCollector.execute(ThrowableCollector.java:73)
	at org.junit.platform.engine.support.hierarchical.NodeTestTask.lambda$executeRecursively$8(NodeTestTask.java:141)
	at org.junit.platform.engine.support.hierarchical.Node.around(Node.java:137)
	at org.junit.platform.engine.support.hierarchical.NodeTestTask.lambda$executeRecursively$9(NodeTestTask.java:139)
	at org.junit.platform.engine.support.hierarchical.ThrowableCollector.execute(ThrowableCollector.java:73)
	at org.junit.platform.engine.support.hierarchical.NodeTestTask.executeRecursively(NodeTestTask.java:138)
	at org.junit.platform.engine.support.hierarchical.NodeTestTask.execute(NodeTestTask.java:95)
	at java.base/java.util.ArrayList.forEach(ArrayList.java:1511)
	at org.junit.platform.engine.support.hierarchical.SameThreadHierarchicalTestExecutorService.invokeAll(SameThreadHierarchicalTestExecutorService.java:41)
	at org.junit.platform.engine.support.hierarchical.NodeTestTask.lambda$executeRecursively$6(NodeTestTask.java:155)
	at org.junit.platform.engine.support.hierarchical.ThrowableCollector.execute(ThrowableCollector.java:73)
	at org.junit.platform.engine.support.hierarchical.NodeTestTask.lambda$executeRecursively$8(NodeTestTask.java:141)
	at org.junit.platform.engine.support.hierarchical.Node.around(Node.java:137)
	at org.junit.platform.engine.support.hierarchical.NodeTestTask.lambda$executeRecursively$9(NodeTestTask.java:139)
	at org.junit.platform.engine.support.hierarchical.ThrowableCollector.execute(ThrowableCollector.java:73)
	at org.junit.platform.engine.support.hierarchical.NodeTestTask.executeRecursively(NodeTestTask.java:138)
	at org.junit.platform.engine.support.hierarchical.NodeTestTask.execute(NodeTestTask.java:95)
	at org.junit.platform.engine.support.hierarchical.SameThreadHierarchicalTestExecutorService.submit(SameThreadHierarchicalTestExecutorService.java:35)
	at org.junit.platform.engine.support.hierarchical.HierarchicalTestExecutor.execute(HierarchicalTestExecutor.java:57)
	at org.junit.platform.engine.support.hierarchical.HierarchicalTestEngine.execute(HierarchicalTestEngine.java:54)
	at org.junit.platform.launcher.core.EngineExecutionOrchestrator.execute(EngineExecutionOrchestrator.java:147)
	at org.junit.platform.launcher.core.EngineExecutionOrchestrator.execute(EngineExecutionOrchestrator.java:127)
	at org.junit.platform.launcher.core.EngineExecutionOrchestrator.execute(EngineExecutionOrchestrator.java:90)
	at org.junit.platform.launcher.core.EngineExecutionOrchestrator.lambda$execute$0(EngineExecutionOrchestrator.java:55)
	at org.junit.platform.launcher.core.EngineExecutionOrchestrator.withInterceptedStreams(EngineExecutionOrchestrator.java:102)
	at org.junit.platform.launcher.core.EngineExecutionOrchestrator.execute(EngineExecutionOrchestrator.java:54)
	at org.junit.platform.launcher.core.DefaultLauncher.execute(DefaultLauncher.java:114)
	at org.junit.platform.launcher.core.DefaultLauncher.execute(DefaultLauncher.java:86)
	at org.junit.platform.launcher.core.DefaultLauncherSession$DelegatingLauncher.execute(DefaultLauncherSession.java:86)
	at org.apache.maven.surefire.junitplatform.LazyLauncher.execute(LazyLauncher.java:55)
	at org.apache.maven.surefire.junitplatform.JUnitPlatformProvider.execute(JUnitPlatformProvider.java:223)
	at org.apache.maven.surefire.junitplatform.JUnitPlatformProvider.invokeAllTests(JUnitPlatformProvider.java:175)
	at org.apache.maven.surefire.junitplatform.JUnitPlatformProvider.invoke(JUnitPlatformProvider.java:139)
	at org.apache.maven.surefire.booter.ForkedBooter.runSuitesInProcess(ForkedBooter.java:456)
	at org.apache.maven.surefire.booter.ForkedBooter.execute(ForkedBooter.java:169)
	at org.apache.maven.surefire.booter.ForkedBooter.run(ForkedBooter.java:595)
	at org.apache.maven.surefire.booter.ForkedBooter.main(ForkedBooter.java:581)
]]></failure>
    <system-out><![CDATA[2023-04-11 12:56:06,895 INFO  [User controller] (executor-thread-0) Creating user:...
2023-04-11 12:56:07,026 INFO  [User controller] (executor-thread-0) Deleting user...
2023-04-11 12:56:07,275 INFO  [User controller] (executor-thread-0) Getting user by id...
]]></system-out>
  </testcase>
</testsuite>